\BOOKMARK [1][-]{section.1}{\376\377\000W\000s\000t\001\031\000p}{}% 1
\BOOKMARK [2][-]{subsection.1.1}{\376\377\000W\000y\000m\000a\000g\000a\000n\000i\000a\000\040\000k\000o\000n\000k\000u\000r\000s\000o\000w\000e}{section.1}% 2
\BOOKMARK [2][-]{subsection.1.2}{\376\377\000U\000z\000a\000s\000a\000d\000n\000i\000e\000n\000i\000e\000\040\000w\000y\000b\000o\000r\000u\000\040\000m\000e\000t\000o\000d\000y\000\040\000p\000o\000m\000i\000a\000r\000o\000w\000e\000j}{section.1}% 3
\BOOKMARK [1][-]{section.2}{\376\377\000Z\000a\000s\000a\000d\000a\000\040\000d\000z\000i\000a\001\102\000a\000n\000i\000a\000\040\000m\000e\000t\000o\000d\000y\000\040\000P\000u\000l\000s\000e\000-\000P\000h\000a\000s\000e\000\040\000R\000a\000n\000g\000i\000n\000g}{}% 4
\BOOKMARK [2][-]{subsection.2.1}{\376\377\000P\000r\000z\000e\000g\000l\001\005\000d\000\040\000m\000e\000t\000o\000d\000y}{section.2}% 5
\BOOKMARK [2][-]{subsection.2.2}{\376\377\000F\000a\000z\000a\000\040\0001\000\040\040\024\000\040\000P\000o\000m\000i\000a\000r\000\040\000g\000r\000u\000b\000y\000\040\000\050\000T\000i\000m\000e\000-\000o\000f\000-\000F\000l\000i\000g\000h\000t\000\051}{section.2}% 6
\BOOKMARK [2][-]{subsection.2.3}{\376\377\000F\000a\000z\000a\000\040\0002\000\040\040\024\000\040\000P\000o\000m\000i\000a\000r\000\040\000d\000o\000k\001\102\000a\000d\000n\000y\000\040\000\050\000P\000h\000a\000s\000e\000\040\000M\000e\000a\000s\000u\000r\000e\000m\000e\000n\000t\000\051}{section.2}% 7
\BOOKMARK [3][-]{subsubsection.2.3.1}{\376\377\000W\000e\000r\000y\000f\000i\000k\000a\000c\000j\000a\000\040\000s\000p\000\363\000j\000n\000o\001\133\000c\000i\000\040\000w\000y\000z\000n\000a\000c\000z\000a\000n\000i\000a\000\040\000n\000\040\000\050\000c\000o\000n\000s\000i\000s\000t\000e\000n\000c\000y\000\040\000c\000h\000e\000c\000k\000\051}{subsection.2.3}% 8
\BOOKMARK [3][-]{subsubsection.2.3.2}{\376\377\000R\000o\000z\000d\000z\000i\000e\000l\000c\000z\000o\001\133\001\007\000\040\000p\000o\000m\000i\000a\000r\000u\000\040\000f\000a\000z\000o\000w\000e\000g\000o}{subsection.2.3}% 9
\BOOKMARK [2][-]{subsection.2.4}{\376\377\000D\000i\000a\000g\000r\000a\000m\000\040\000c\000z\000a\000s\000o\000w\000y\000\040\000c\000y\000k\000l\000u\000\040\000p\000o\000m\000i\000a\000r\000o\000w\000e\000g\000o}{section.2}% 10
\BOOKMARK [2][-]{subsection.2.5}{\376\377\000K\000o\000m\000p\000e\000n\000s\000a\000c\000j\000a\000\040\000t\000e\000m\000p\000e\000r\000a\000t\000u\000r\000y}{section.2}% 11
\BOOKMARK [3][-]{subsubsection.2.5.1}{\376\377\000W\000y\000z\000n\000a\000c\000z\000a\000n\000i\000e\000\040\000t\000e\000m\000p\000e\000r\000a\000t\000u\000r\000y\000\040\000z\000\040\000t\000e\000r\000m\000i\000s\000t\000o\000r\000a}{subsection.2.5}% 12
\BOOKMARK [3][-]{subsubsection.2.5.2}{\376\377\000D\000y\000n\000a\000m\000i\000k\000a\000\040\000p\000o\000m\000i\000a\000r\000u\000\040\000t\000e\000m\000p\000e\000r\000a\000t\000u\000r\000y\000\040\040\024\000\040\000s\000t\000a\001\102\000a\000\040\000c\000z\000a\000s\000o\000w\000a\000\040\000d\000z\000i\000e\000l\000n\000i\000k\000a\000\040\000N\000T\000C}{subsection.2.5}% 13
\BOOKMARK [1][-]{section.3}{\376\377\000S\000c\000h\000e\000m\000a\000t\000\040\000i\000d\000e\000o\000w\000y}{}% 14
\BOOKMARK [2][-]{subsection.3.1}{\376\377\000B\000l\000o\000k\000\040\000z\000a\000s\000i\000l\000a\000n\000i\000a}{section.3}% 15
\BOOKMARK [2][-]{subsection.3.2}{\376\377\000B\000l\000o\000k\000\040\000n\000a\000d\000a\000j\000n\000i\000k\000a\000\040\000\050\000T\000X\000\051}{section.3}% 16
\BOOKMARK [2][-]{subsection.3.3}{\376\377\000T\000o\000r\000\040\000a\000n\000a\000l\000o\000g\000o\000w\000y\000\040\000o\000d\000b\000i\000o\000r\000n\000i\000k\000a\000\040\000\050\000R\000X\000\051}{section.3}% 17
\BOOKMARK [3][-]{subsubsection.3.3.1}{\376\377\000P\000a\000r\000a\000m\000e\000t\000r\000y\000\040\000M\000C\000P\0006\0000\0000\0002\000-\000I\000/\000S\000N}{subsection.3.3}% 18
\BOOKMARK [3][-]{subsubsection.3.3.2}{\376\377\000P\000i\000e\000r\000w\000s\000z\000y\000\040\000s\000t\000o\000p\000i\000e\001\104\000\040\040\024\000\040\000w\000z\000m\000a\000c\000n\000i\000a\000c\000z\000\040\000o\000d\000w\000r\000a\000c\000a\000j\001\005\000c\000y\000\040\000z\000\040\000f\000i\000l\000t\000r\000e\000m\000\040\000p\000a\000s\000m\000o\000w\000y\000m}{subsection.3.3}% 19
\BOOKMARK [3][-]{subsubsection.3.3.3}{\376\377\000D\000r\000u\000g\000i\000\040\000s\000t\000o\000p\000i\000e\001\104\000\040\040\024\000\040\000w\000z\000m\000a\000c\000n\000i\000a\000c\000z\000\040\000z\000\040\000f\000i\000l\000t\000r\000e\000m\000\040\000d\000o\000l\000n\000o\000p\000r\000z\000e\000p\000u\000s\000t\000o\000w\000y\000m}{subsection.3.3}% 20
\BOOKMARK [3][-]{subsubsection.3.3.4}{\376\377\000C\000a\001\102\000k\000o\000w\000i\000t\000e\000\040\000w\000z\000m\000o\000c\000n\000i\000e\000n\000i\000e\000\040\000t\000o\000r\000u\000\040\000a\000n\000a\000l\000o\000g\000o\000w\000e\000g\000o}{subsection.3.3}% 21
\BOOKMARK [3][-]{subsubsection.3.3.5}{\376\377\000W\000p\001\102\000y\000w\000\040\000t\000o\000l\000e\000r\000a\000n\000c\000j\000i\000\040\000e\000l\000e\000m\000e\000n\000t\000\363\000w\000\040\000n\000a\000\040\000w\000z\000m\000o\000c\000n\000i\000e\000n\000i\000e\000\040\000i\000\040\000f\000a\000z\001\031}{subsection.3.3}% 22
\BOOKMARK [3][-]{subsubsection.3.3.6}{\376\377\000U\000z\000a\000s\000a\000d\000n\000i\000e\000n\000i\000e\000\040\000d\000o\000b\000o\000r\000u\000\040\000C\0004\000/\000C\0005\000\040\040\024\000\040\000k\000o\000m\000p\000r\000o\000m\000i\000s\000\040\000G\000B\000W\000\040\000a\000\040\000w\000y\000m\000a\000g\000a\000n\000i\000a\000\040\000s\000t\000a\000b\000i\000l\000n\000o\001\133\000c\000i\000\040\000f\000a\000z\000y}{subsection.3.3}% 23
\BOOKMARK [3][-]{subsubsection.3.3.7}{\376\377\000W\000e\000r\000y\000f\000i\000k\000a\000c\000j\000a\000\040\000s\000y\000m\000u\000l\000a\000c\000y\000j\000n\000a\000\040\000t\000o\000r\000u\000\040\000R\000X\000\040\000\050\000L\000T\000s\000p\000i\000c\000e\000\051}{subsection.3.3}% 24
\BOOKMARK [3][-]{subsubsection.3.3.8}{\376\377\000S\000y\000m\000u\000l\000a\000c\000j\000a\000\040\000o\000d\000p\000o\000w\000i\000e\000d\000z\000i\000\040\000p\000r\000z\000e\000j\001\133\000c\000i\000o\000w\000e\000j\000\040\000\050\000b\000u\000r\000s\000t\000\040\000e\000c\000h\000a\000\051}{subsection.3.3}% 25
\BOOKMARK [3][-]{subsubsection.3.3.9}{\376\377\000A\000n\000a\000l\000i\000z\000a\000\040\000s\000t\000a\000b\000i\000l\000n\000o\001\133\000c\000i\000\040\000t\000o\000r\000u\000\040\000w\000z\000m\000a\000c\000n\000i\000a\000c\000z\000a}{subsection.3.3}% 26
\BOOKMARK [2][-]{subsection.3.4}{\376\377\000M\000i\000k\000r\000o\000k\000o\000n\000t\000r\000o\000l\000e\000r\000\040\000A\000T\000t\000i\000n\000y\0001\0006\0001\0006}{section.3}% 27
\BOOKMARK [3][-]{subsubsection.3.4.1}{\376\377\000P\000r\000z\000y\000p\000o\000r\000z\001\005\000d\000k\000o\000w\000a\000n\000i\000e\000\040\000p\000i\000n\000\363\000w}{subsection.3.4}% 28
\BOOKMARK [3][-]{subsubsection.3.4.2}{\376\377\000K\000o\000n\000f\000i\000g\000u\000r\000a\000c\000j\000a\000\040\000t\000i\000m\000e\000r\000a\000\040\000T\000C\000A\0000\000\040\040\024\000\040\000g\000e\000n\000e\000r\000a\000c\000j\000a\000\040\000b\000u\000r\000s\000t\000u\000\040\0004\0000\000\040\000k\000H\000z}{subsection.3.4}% 29
\BOOKMARK [3][-]{subsubsection.3.4.3}{\376\377\000K\000o\000n\000f\000i\000g\000u\000r\000a\000c\000j\000a\000\040\000T\000C\000B\0000\000\040\040\024\000\040\000p\000o\000m\000i\000a\000r\000\040\000T\000i\000m\000e\000-\000o\000f\000-\000F\000l\000i\000g\000h\000t}{subsection.3.4}% 30
\BOOKMARK [1][-]{section.4}{\376\377\000P\000r\000o\000j\000e\000k\000t\000\040\000p\001\102\000y\000t\000k\000i\000\040\000d\000r\000u\000k\000o\000w\000a\000n\000e\000j\000\040\000\050\000P\000C\000B\000\051}{}% 31
\BOOKMARK [2][-]{subsection.4.1}{\376\377\000Z\000a\001\102\000o\001\174\000e\000n\000i\000a\000\040\000p\000r\000o\000j\000e\000k\000t\000o\000w\000e\000\040\000P\000C\000B}{section.4}% 32
\BOOKMARK [2][-]{subsection.4.2}{\376\377\000K\000l\000a\000s\000y\000\040\000t\000r\000a\000s\000\040\000i\000\040\000r\000e\000g\000u\001\102\000y\000\040\000D\000R\000C}{section.4}% 33
\BOOKMARK [1][-]{section.5}{\376\377\000P\000r\000o\000j\000e\000k\000t\000\040\000o\000b\000u\000d\000o\000w\000y}{}% 34
\BOOKMARK [2][-]{subsection.5.1}{\376\377\000Z\000a\001\102\000o\001\174\000e\000n\000i\000a\000\040\000k\000o\000n\000s\000t\000r\000u\000k\000c\000y\000j\000n\000e}{section.5}% 35
\BOOKMARK [2][-]{subsection.5.2}{\376\377\000E\000l\000e\000m\000e\000n\000t\000y\000\040\000f\000u\000n\000k\000c\000j\000o\000n\000a\000l\000n\000e}{section.5}% 36
\BOOKMARK [2][-]{subsection.5.3}{\376\377\000R\000e\000n\000d\000e\000r\000y\000\040\000o\000b\000u\000d\000o\000w\000y}{section.5}% 37
\BOOKMARK [1][-]{section.6}{\376\377\000A\000l\000g\000o\000r\000y\000t\000m\000\040\000o\000p\000r\000o\000g\000r\000a\000m\000o\000w\000a\000n\000i\000a}{}% 38
\BOOKMARK [2][-]{subsection.6.1}{\376\377\000A\000r\000c\000h\000i\000t\000e\000k\000t\000u\000r\000a\000\040\000o\000p\000r\000o\000g\000r\000a\000m\000o\000w\000a\000n\000i\000a}{section.6}% 39
\BOOKMARK [2][-]{subsection.6.2}{\376\377\000D\000i\000a\000g\000r\000a\000m\000\040\000p\000r\000z\000e\000p\001\102\000y\000w\000u}{section.6}% 40
\BOOKMARK [2][-]{subsection.6.3}{\376\377\000A\000l\000g\000o\000r\000y\000t\000m\000\040\000G\000o\000e\000r\000t\000z\000e\000l\000a\000\040\040\024\000\040\000w\000y\000z\000n\000a\000c\000z\000a\000n\000i\000e\000\040\000f\000a\000z\000y\000\040\000s\000y\000g\000n\000a\001\102\000u\000\040\000e\000c\000h\000a}{section.6}% 41
\BOOKMARK [3][-]{subsubsection.6.3.1}{\376\377\000P\000o\000d\000s\000t\000a\000w\000y\000\040\000m\000a\000t\000e\000m\000a\000t\000y\000c\000z\000n\000e}{subsection.6.3}% 42
\BOOKMARK [3][-]{subsubsection.6.3.2}{\376\377\000P\000a\000r\000a\000m\000e\000t\000r\000y\000\040\000i\000m\000p\000l\000e\000m\000e\000n\000t\000a\000c\000j\000i}{subsection.6.3}% 43
\BOOKMARK [3][-]{subsubsection.6.3.3}{\376\377\000P\000s\000e\000u\000d\000o\000k\000o\000d}{subsection.6.3}% 44
\BOOKMARK [2][-]{subsection.6.4}{\376\377\000F\000i\000l\000t\000r\000a\000c\000j\000a\000\040\000w\000y\000n\000i\000k\000\363\000w\000\040\040\024\000\040\000f\000i\000l\000t\000r\000\040\000m\000e\000d\000i\000a\000n\000o\000w\000y}{section.6}% 45
\BOOKMARK [2][-]{subsection.6.5}{\376\377\000P\000r\000o\000c\000e\000d\000u\000r\000a\000\040\000k\000a\000l\000i\000b\000r\000a\000c\000j\000i}{section.6}% 46
\BOOKMARK [3][-]{subsubsection.6.5.1}{\376\377\000S\000z\000a\000c\000u\000n\000e\000k\000\040\000z\000u\001\174\000y\000c\000i\000a\000\040\000p\000a\000m\000i\001\031\000c\000i\000\040\000F\000l\000a\000s\000h\000\040\000i\000\040\000S\000R\000A\000M}{subsection.6.5}% 47
\BOOKMARK [3][-]{subsubsection.6.5.2}{\376\377\000K\000l\000u\000c\000z\000o\000w\000e\000\040\000r\000e\000j\000e\000s\000t\000r\000y\000\040\000k\000o\000n\000f\000i\000g\000u\000r\000a\000c\000y\000j\000n\000e\000\040\000m\000i\000k\000r\000o\000k\000o\000n\000t\000r\000o\000l\000e\000r\000a}{subsection.6.5}% 48
\BOOKMARK [2][-]{subsection.6.6}{\376\377\000K\000o\000m\000u\000n\000i\000k\000a\000c\000j\000a\000\040\000U\000S\000A\000R\000T}{section.6}% 49
\BOOKMARK [1][-]{section.7}{\376\377\000B\000u\000d\001\174\000e\000t\000\040\000k\000o\000s\000z\000t\000\363\000w}{}% 50
\BOOKMARK [1][-]{section.8}{\376\377\000B\000u\000d\001\174\000e\000t\000\040\000m\000o\000c\000y}{}% 51
\BOOKMARK [2][-]{subsection.8.1}{\376\377\000P\000r\001\005\000d\000\040\000p\000o\000b\000i\000e\000r\000a\000n\000y\000\040\000p\000r\000z\000e\000z\000\040\000p\000o\000s\000z\000c\000z\000e\000g\000\363\000l\000n\000e\000\040\000e\000l\000e\000m\000e\000n\000t\000y}{section.8}% 52
\BOOKMARK [2][-]{subsection.8.2}{\376\377\000S\000c\000e\000n\000a\000r\000i\000u\000s\000z\000e\000\040\000p\000r\000a\000c\000y}{section.8}% 53
\BOOKMARK [3][-]{subsubsection.8.2.1}{\376\377\000S\000c\000e\000n\000a\000r\000i\000u\000s\000z\000\040\0001\000:\000\040\000C\000i\001\005\000g\001\102\000y\000\040\000p\000o\000m\000i\000a\000r\000\040\000\050\000b\000e\000z\000\040\000u\001\133\000p\000i\000e\000n\000i\000a\000\051}{subsection.8.2}% 54
\BOOKMARK [3][-]{subsubsection.8.2.2}{\376\377\000S\000c\000e\000n\000a\000r\000i\000u\000s\000z\000\040\0002\000:\000\040\000P\000o\000m\000i\000a\000r\000\040\000o\000k\000r\000e\000s\000o\000w\000y\000\040\000z\000e\000\040\000s\000l\000e\000e\000p\000\040\000m\000o\000d\000e\000\040\000\050\000p\000l\000a\000n\000o\000w\000a\000n\000y\000\051}{subsection.8.2}% 55
\BOOKMARK [3][-]{subsubsection.8.2.3}{\376\377\000S\000c\000e\000n\000a\000r\000i\000u\000s\000z\000\040\0003\000:\000\040\000A\000g\000r\000e\000s\000y\000w\000n\000a\000\040\000o\000p\000t\000y\000m\000a\000l\000i\000z\000a\000c\000j\000a\000\040\000\050\000c\000e\000l\000\051}{subsection.8.2}% 56
\BOOKMARK [1][-]{section.9}{\376\377\000A\000n\000a\000l\000i\000z\000a\000\040\000b\001\102\001\031\000d\000\363\000w\000\040\000i\000\040\000n\000i\000e\000p\000e\000w\000n\000o\001\133\001\007\000\040\000p\000o\000m\000i\000a\000r\000u}{}% 57
\BOOKMARK [2][-]{subsection.9.1}{\376\377\000B\000u\000d\001\174\000e\000t\000\040\000n\000i\000e\000p\000e\000w\000n\000o\001\133\000c\000i}{section.9}% 58
\BOOKMARK [2][-]{subsection.9.2}{\376\377\000S\000z\000a\000c\000o\000w\000a\000n\000y\000\040\000R\000M\000S\000E}{section.9}% 59
\BOOKMARK [2][-]{subsection.9.3}{\376\377\000A\000n\000a\000l\000i\000z\000a\000\040\000w\000o\000r\000s\000t\000-\000c\000a\000s\000e\000:\000\040\000o\000d\000l\000e\000g\001\102\000o\001\133\001\007\000\040\000m\000i\000n\000i\000m\000a\000l\000n\000a\000\040\000D\000m\000i\000n\000\040\000=\000\040\0001\0000\000\040\000c\000m}{section.9}% 60
\BOOKMARK [3][-]{subsubsection.9.3.1}{\376\377\000A\000d\000a\000p\000t\000a\000c\000y\000j\000n\000a\000\040\000d\001\102\000u\000g\000o\001\133\001\007\000\040\000b\000u\000r\000s\000t\000u}{subsection.9.3}% 61
\BOOKMARK [2][-]{subsection.9.4}{\376\377\000W\000e\000r\000y\000f\000i\000k\000a\000c\000j\000a\000\040\000S\000i\000l\000i\000c\000o\000n\000\040\000E\000r\000r\000a\000t\000a\000\040\000A\000T\000t\000i\000n\000y\0001\0006\0001\0006}{section.9}% 62
\BOOKMARK [1][-]{section.10}{\376\377\000P\000o\000d\000s\000u\000m\000o\000w\000a\000n\000i\000e\000\040\000i\000\040\000p\000l\000a\000n\000o\000w\000a\000n\000e\000\040\000o\000p\000t\000y\000m\000a\000l\000i\000z\000a\000c\000j\000e}{}% 63
\BOOKMARK [2][-]{subsection.10.1}{\376\377\000S\000z\000a\000c\000o\000w\000a\000n\000a\000\040\000p\000u\000n\000k\000t\000a\000c\000j\000a}{section.10}% 64
\BOOKMARK [2][-]{subsection.10.2}{\376\377\000P\000l\000a\000n\000o\000w\000a\000n\000e\000\040\000o\000p\000t\000y\000m\000a\000l\000i\000z\000a\000c\000j\000e\000\040\000n\000a\000\040\000E\000t\000a\000p\000\040\0002}{section.10}% 65
\BOOKMARK [2][-]{subsection.10.3}{\376\377\000W\000n\000i\000o\000s\000k\000i}{section.10}% 66
\BOOKMARK [1][-]{appendix.A}{\376\377\000P\000s\000e\000u\000d\000o\000k\000o\000d\000\040\000i\000n\000i\000c\000j\000a\000l\000i\000z\000a\000c\000j\000i\000\040\000p\000e\000r\000y\000f\000e\000r\000i\000\363\000w}{}% 67
\BOOKMARK [1][-]{section*.34}{\376\377\000B\000i\000b\000l\000i\000o\000g\000r\000a\000f\000i\000a}{}% 68
