
main.elf:     file format elf32-avr

Sections:
Idx Name          Size      VMA       LMA       File off  Algn
  0 .data         00000000  00803800  00803800  000010fd  2**0
                  CONTENTS, ALLOC, LOAD, DATA
  1 .text         00000ffe  00000000  00000000  00000094  2**1
                  CONTENTS, ALLOC, LOAD, READONLY, CODE
  2 .rodata       0000006b  00008ffe  00000ffe  00001092  2**0
                  CONTENTS, ALLOC, LOAD, READONLY, DATA
  3 .bss          00000002  00803800  00803800  000010fd  2**0
                  ALLOC
  4 .comment      00000012  00000000  00000000  000010fd  2**0
                  CONTENTS, READONLY
  5 .note.gnu.avr.deviceinfo 00000040  00000000  00000000  00001110  2**2
                  CONTENTS, READONLY, OCTETS
  6 .debug_aranges 00000240  00000000  00000000  00001150  2**3
                  CONTENTS, READONLY, DEBUGGING, OCTETS
  7 .debug_info   00001f81  00000000  00000000  00001390  2**0
                  CONTENTS, READONLY, DEBUGGING, OCTETS
  8 .debug_abbrev 00001cd2  00000000  00000000  00003311  2**0
                  CONTENTS, READONLY, DEBUGGING, OCTETS
  9 .debug_line   00000c47  00000000  00000000  00004fe3  2**0
                  CONTENTS, READONLY, DEBUGGING, OCTETS
 10 .debug_str    00000c4e  00000000  00000000  00005c2a  2**0
                  CONTENTS, READONLY, DEBUGGING, OCTETS
 11 .debug_line_str 00000061  00000000  00000000  00006878  2**0
                  CONTENTS, READONLY, DEBUGGING, OCTETS

Disassembly of section .text:

00000000 <__vectors>:
   0:	0c 94 3e 00 	jmp	0x7c	; 0x7c <__ctors_end>
   4:	0c 94 50 00 	jmp	0xa0	; 0xa0 <__bad_interrupt>
   8:	0c 94 50 00 	jmp	0xa0	; 0xa0 <__bad_interrupt>
   c:	0c 94 a7 00 	jmp	0x14e	; 0x14e <__vector_3>
  10:	0c 94 50 00 	jmp	0xa0	; 0xa0 <__bad_interrupt>
  14:	0c 94 50 00 	jmp	0xa0	; 0xa0 <__bad_interrupt>
  18:	0c 94 50 00 	jmp	0xa0	; 0xa0 <__bad_interrupt>
  1c:	0c 94 50 00 	jmp	0xa0	; 0xa0 <__bad_interrupt>
  20:	0c 94 50 00 	jmp	0xa0	; 0xa0 <__bad_interrupt>
  24:	0c 94 50 00 	jmp	0xa0	; 0xa0 <__bad_interrupt>
  28:	0c 94 50 00 	jmp	0xa0	; 0xa0 <__bad_interrupt>
  2c:	0c 94 50 00 	jmp	0xa0	; 0xa0 <__bad_interrupt>
  30:	0c 94 50 00 	jmp	0xa0	; 0xa0 <__bad_interrupt>
  34:	0c 94 50 00 	jmp	0xa0	; 0xa0 <__bad_interrupt>
  38:	0c 94 50 00 	jmp	0xa0	; 0xa0 <__bad_interrupt>
  3c:	0c 94 50 00 	jmp	0xa0	; 0xa0 <__bad_interrupt>
  40:	0c 94 50 00 	jmp	0xa0	; 0xa0 <__bad_interrupt>
  44:	0c 94 50 00 	jmp	0xa0	; 0xa0 <__bad_interrupt>
  48:	0c 94 50 00 	jmp	0xa0	; 0xa0 <__bad_interrupt>
  4c:	0c 94 50 00 	jmp	0xa0	; 0xa0 <__bad_interrupt>
  50:	0c 94 50 00 	jmp	0xa0	; 0xa0 <__bad_interrupt>
  54:	0c 94 50 00 	jmp	0xa0	; 0xa0 <__bad_interrupt>
  58:	0c 94 50 00 	jmp	0xa0	; 0xa0 <__bad_interrupt>
  5c:	0c 94 50 00 	jmp	0xa0	; 0xa0 <__bad_interrupt>
  60:	0c 94 50 00 	jmp	0xa0	; 0xa0 <__bad_interrupt>
  64:	0c 94 50 00 	jmp	0xa0	; 0xa0 <__bad_interrupt>
  68:	0c 94 50 00 	jmp	0xa0	; 0xa0 <__bad_interrupt>
  6c:	0c 94 50 00 	jmp	0xa0	; 0xa0 <__bad_interrupt>
  70:	0c 94 50 00 	jmp	0xa0	; 0xa0 <__bad_interrupt>
  74:	0c 94 50 00 	jmp	0xa0	; 0xa0 <__bad_interrupt>
  78:	0c 94 50 00 	jmp	0xa0	; 0xa0 <__bad_interrupt>

0000007c <__ctors_end>:
  7c:	11 24       	eor	r1, r1
  7e:	1f be       	out	0x3f, r1	; 63
  80:	cf ef       	ldi	r28, 0xFF	; 255
  82:	cd bf       	out	0x3d, r28	; 61
  84:	df e3       	ldi	r29, 0x3F	; 63
  86:	de bf       	out	0x3e, r29	; 62

00000088 <__do_clear_bss>:
  88:	28 e3       	ldi	r18, 0x38	; 56

0000008a <.Loc.1>:
  8a:	a0 e0       	ldi	r26, 0x00	; 0

0000008c <.Loc.2>:
  8c:	b8 e3       	ldi	r27, 0x38	; 56

0000008e <.Loc.3>:
  8e:	01 c0       	rjmp	.+2      	; 0x92 <.Loc.5>

00000090 <.Loc.4>:
  90:	1d 92       	st	X+, r1

00000092 <.Loc.5>:
  92:	a2 30       	cpi	r26, 0x02	; 2

00000094 <.Loc.6>:
  94:	b2 07       	cpc	r27, r18

00000096 <.Loc.7>:
  96:	e1 f7       	brne	.-8      	; 0x90 <.Loc.4>

00000098 <L0^A>:
  98:	0e 94 b2 00 	call	0x164	; 0x164 <main>
  9c:	0c 94 d0 07 	jmp	0xfa0	; 0xfa0 <_exit>

000000a0 <__bad_interrupt>:
  a0:	0c 94 00 00 	jmp	0	; 0x0 <__vectors>

000000a4 <usart_putc>:
  a4:	90 91 04 08 	lds	r25, 0x0804	; 0x800804 <__RODATA_PM_OFFSET__+0x7f8804>
  a8:	95 ff       	sbrs	r25, 5
  aa:	fc cf       	rjmp	.-8      	; 0xa4 <usart_putc>
  ac:	80 93 02 08 	sts	0x0802, r24	; 0x800802 <__RODATA_PM_OFFSET__+0x7f8802>
  b0:	08 95       	ret

000000b2 <usart_print>:
  b2:	cf 93       	push	r28
  b4:	df 93       	push	r29
  b6:	ec 01       	movw	r28, r24

000000b8 <.L6>:
  b8:	88 81       	ld	r24, Y
  ba:	81 11       	cpse	r24, r1
  bc:	03 c0       	rjmp	.+6      	; 0xc4 <.L7>
  be:	df 91       	pop	r29
  c0:	cf 91       	pop	r28
  c2:	08 95       	ret

000000c4 <.L7>:
  c4:	21 96       	adiw	r28, 0x01	; 1
  c6:	0e 94 52 00 	call	0xa4	; 0xa4 <usart_putc>
  ca:	f6 cf       	rjmp	.-20     	; 0xb8 <.L6>

000000cc <usart_print_u16>:
  cc:	ff 92       	push	r15
  ce:	0f 93       	push	r16
  d0:	1f 93       	push	r17
  d2:	cf 93       	push	r28
  d4:	df 93       	push	r29
  d6:	00 d0       	rcall	.+0      	; 0xd8 <L0^A>

000000d8 <L0^A>:
  d8:	00 d0       	rcall	.+0      	; 0xda <L0^A>

000000da <L0^A>:
  da:	00 d0       	rcall	.+0      	; 0xdc <L0^A>

000000dc <L0^A>:
  dc:	cd b7       	in	r28, 0x3d	; 61
  de:	de b7       	in	r29, 0x3e	; 62
  e0:	9c 01       	movw	r18, r24
  e2:	89 2b       	or	r24, r25
  e4:	59 f4       	brne	.+22     	; 0xfc <.L9>
  e6:	80 e3       	ldi	r24, 0x30	; 48
  e8:	26 96       	adiw	r28, 0x06	; 6
  ea:	cd bf       	out	0x3d, r28	; 61
  ec:	de bf       	out	0x3e, r29	; 62
  ee:	df 91       	pop	r29
  f0:	cf 91       	pop	r28
  f2:	1f 91       	pop	r17
  f4:	0f 91       	pop	r16
  f6:	ff 90       	pop	r15
  f8:	0c 94 52 00 	jmp	0xa4	; 0xa4 <usart_putc>

000000fc <.L9>:
  fc:	fe 01       	movw	r30, r28
  fe:	31 96       	adiw	r30, 0x01	; 1
 100:	40 e0       	ldi	r20, 0x00	; 0
 102:	8f 01       	movw	r16, r30

00000104 <.L11>:
 104:	c9 01       	movw	r24, r18
 106:	6a e0       	ldi	r22, 0x0A	; 10
 108:	70 e0       	ldi	r23, 0x00	; 0
 10a:	0e 94 7f 03 	call	0x6fe	; 0x6fe <__udivmodhi4>
 10e:	f4 2e       	mov	r15, r20
 110:	80 5d       	subi	r24, 0xD0	; 208
 112:	80 83       	st	Z, r24
 114:	2a 30       	cpi	r18, 0x0A	; 10
 116:	31 05       	cpc	r19, r1
 118:	38 f0       	brcs	.+14     	; 0x128 <.L12>
 11a:	41 e0       	ldi	r20, 0x01	; 1
 11c:	4f 0d       	add	r20, r15
 11e:	31 96       	adiw	r30, 0x01	; 1
 120:	9b 01       	movw	r18, r22
 122:	84 e0       	ldi	r24, 0x04	; 4
 124:	f8 12       	cpse	r15, r24
 126:	ee cf       	rjmp	.-36     	; 0x104 <.L11>

00000128 <.L12>:
 128:	f8 01       	movw	r30, r16
 12a:	ef 0d       	add	r30, r15
 12c:	f1 1d       	adc	r31, r1
 12e:	80 81       	ld	r24, Z
 130:	0e 94 52 00 	call	0xa4	; 0xa4 <usart_putc>
 134:	fa 94       	dec	r15
 136:	8f ef       	ldi	r24, 0xFF	; 255
 138:	f8 12       	cpse	r15, r24
 13a:	f6 cf       	rjmp	.-20     	; 0x128 <.L12>
 13c:	26 96       	adiw	r28, 0x06	; 6
 13e:	cd bf       	out	0x3d, r28	; 61
 140:	de bf       	out	0x3e, r29	; 62
 142:	df 91       	pop	r29
 144:	cf 91       	pop	r28
 146:	1f 91       	pop	r17
 148:	0f 91       	pop	r16
 14a:	ff 90       	pop	r15
 14c:	08 95       	ret

0000014e <__vector_3>:
 14e:	8f 93       	push	r24
 150:	ef 93       	push	r30
 152:	ff 93       	push	r31
 154:	e0 e0       	ldi	r30, 0x00	; 0
 156:	f4 e0       	ldi	r31, 0x04	; 4
 158:	81 85       	ldd	r24, Z+9	; 0x09
 15a:	81 87       	std	Z+9, r24	; 0x09
 15c:	ff 91       	pop	r31
 15e:	ef 91       	pop	r30
 160:	8f 91       	pop	r24
 162:	18 95       	reti

00000164 <main>:
 164:	cd b7       	in	r28, 0x3d	; 61
 166:	de b7       	in	r29, 0x3e	; 62
 168:	6a 97       	sbiw	r28, 0x1a	; 26
 16a:	cd bf       	out	0x3d, r28	; 61
 16c:	de bf       	out	0x3e, r29	; 62
 16e:	88 ed       	ldi	r24, 0xD8	; 216
 170:	21 e0       	ldi	r18, 0x01	; 1
 172:	30 e0       	ldi	r19, 0x00	; 0
 174:	84 bf       	out	0x34, r24	; 52
 176:	20 93 61 00 	sts	0x0061, r18	; 0x800061 <__RODATA_PM_OFFSET__+0x7f8061>
 17a:	88 e0       	ldi	r24, 0x08	; 8
 17c:	80 93 02 04 	sts	0x0402, r24	; 0x800402 <__RODATA_PM_OFFSET__+0x7f8402>
 180:	89 e0       	ldi	r24, 0x09	; 9
 182:	80 93 13 04 	sts	0x0413, r24	; 0x800413 <__RODATA_PM_OFFSET__+0x7f8413>
 186:	20 e1       	ldi	r18, 0x10	; 16
 188:	20 93 01 04 	sts	0x0401, r18	; 0x800401 <__RODATA_PM_OFFSET__+0x7f8401>
 18c:	20 93 06 04 	sts	0x0406, r18	; 0x800406 <__RODATA_PM_OFFSET__+0x7f8406>
 190:	40 e2       	ldi	r20, 0x20	; 32
 192:	40 93 02 04 	sts	0x0402, r20	; 0x800402 <__RODATA_PM_OFFSET__+0x7f8402>
 196:	84 e0       	ldi	r24, 0x04	; 4
 198:	80 93 15 04 	sts	0x0415, r24	; 0x800415 <__RODATA_PM_OFFSET__+0x7f8415>
 19c:	30 e4       	ldi	r19, 0x40	; 64
 19e:	30 93 01 04 	sts	0x0401, r19	; 0x800401 <__RODATA_PM_OFFSET__+0x7f8401>
 1a2:	30 93 06 04 	sts	0x0406, r19	; 0x800406 <__RODATA_PM_OFFSET__+0x7f8406>
 1a6:	91 e0       	ldi	r25, 0x01	; 1
 1a8:	90 93 21 04 	sts	0x0421, r25	; 0x800421 <__RODATA_PM_OFFSET__+0x7f8421>
 1ac:	90 93 26 04 	sts	0x0426, r25	; 0x800426 <__RODATA_PM_OFFSET__+0x7f8426>
 1b0:	80 93 21 04 	sts	0x0421, r24	; 0x800421 <__RODATA_PM_OFFSET__+0x7f8421>
 1b4:	80 93 25 04 	sts	0x0425, r24	; 0x800425 <__RODATA_PM_OFFSET__+0x7f8425>
 1b8:	20 93 22 04 	sts	0x0422, r18	; 0x800422 <__RODATA_PM_OFFSET__+0x7f8422>
 1bc:	80 93 34 04 	sts	0x0434, r24	; 0x800434 <__RODATA_PM_OFFSET__+0x7f8434>
 1c0:	80 93 10 04 	sts	0x0410, r24	; 0x800410 <__RODATA_PM_OFFSET__+0x7f8410>
 1c4:	80 93 11 04 	sts	0x0411, r24	; 0x800411 <__RODATA_PM_OFFSET__+0x7f8411>
 1c8:	80 93 12 04 	sts	0x0412, r24	; 0x800412 <__RODATA_PM_OFFSET__+0x7f8412>
 1cc:	80 93 17 04 	sts	0x0417, r24	; 0x800417 <__RODATA_PM_OFFSET__+0x7f8417>
 1d0:	80 93 31 04 	sts	0x0431, r24	; 0x800431 <__RODATA_PM_OFFSET__+0x7f8431>
 1d4:	80 93 33 04 	sts	0x0433, r24	; 0x800433 <__RODATA_PM_OFFSET__+0x7f8433>
 1d8:	80 93 35 04 	sts	0x0435, r24	; 0x800435 <__RODATA_PM_OFFSET__+0x7f8435>
 1dc:	80 93 50 04 	sts	0x0450, r24	; 0x800450 <__RODATA_PM_OFFSET__+0x7f8450>
 1e0:	80 93 51 04 	sts	0x0451, r24	; 0x800451 <__RODATA_PM_OFFSET__+0x7f8451>
 1e4:	80 93 52 04 	sts	0x0452, r24	; 0x800452 <__RODATA_PM_OFFSET__+0x7f8452>
 1e8:	80 93 53 04 	sts	0x0453, r24	; 0x800453 <__RODATA_PM_OFFSET__+0x7f8453>
 1ec:	6b e5       	ldi	r22, 0x5B	; 91
 1ee:	71 e0       	ldi	r23, 0x01	; 1
 1f0:	60 93 08 08 	sts	0x0808, r22	; 0x800808 <__RODATA_PM_OFFSET__+0x7f8808>
 1f4:	70 93 09 08 	sts	0x0809, r23	; 0x800809 <__RODATA_PM_OFFSET__+0x7f8809>
 1f8:	23 e0       	ldi	r18, 0x03	; 3
 1fa:	20 93 07 08 	sts	0x0807, r18	; 0x800807 <__RODATA_PM_OFFSET__+0x7f8807>
 1fe:	30 93 06 08 	sts	0x0806, r19	; 0x800806 <__RODATA_PM_OFFSET__+0x7f8806>
 202:	82 e5       	ldi	r24, 0x52	; 82
 204:	80 93 02 06 	sts	0x0602, r24	; 0x800602 <__RODATA_PM_OFFSET__+0x7f8602>
 208:	40 93 03 06 	sts	0x0603, r20	; 0x800603 <__RODATA_PM_OFFSET__+0x7f8603>
 20c:	10 92 05 06 	sts	0x0605, r1	; 0x800605 <__RODATA_PM_OFFSET__+0x7f8605>
 210:	10 92 00 06 	sts	0x0600, r1	; 0x800600 <__RODATA_PM_OFFSET__+0x7f8600>
 214:	80 91 a2 00 	lds	r24, 0x00A2	; 0x8000a2 <__RODATA_PM_OFFSET__+0x7f80a2>
 218:	88 7f       	andi	r24, 0xF8	; 248
 21a:	82 60       	ori	r24, 0x02	; 2
 21c:	80 93 a2 00 	sts	0x00A2, r24	; 0x8000a2 <__RODATA_PM_OFFSET__+0x7f80a2>
 220:	80 91 a1 00 	lds	r24, 0x00A1	; 0x8000a1 <__RODATA_PM_OFFSET__+0x7f80a1>
 224:	88 60       	ori	r24, 0x08	; 8
 226:	80 93 a1 00 	sts	0x00A1, r24	; 0x8000a1 <__RODATA_PM_OFFSET__+0x7f80a1>
 22a:	8f ef       	ldi	r24, 0xFF	; 255
 22c:	80 93 a9 06 	sts	0x06A9, r24	; 0x8006a9 <__RODATA_PM_OFFSET__+0x7f86a9>
 230:	90 93 a8 06 	sts	0x06A8, r25	; 0x8006a8 <__RODATA_PM_OFFSET__+0x7f86a8>
 234:	8b e1       	ldi	r24, 0x1B	; 27
 236:	80 93 8a 06 	sts	0x068A, r24	; 0x80068a <__RODATA_PM_OFFSET__+0x7f868a>
 23a:	20 93 88 06 	sts	0x0688, r18	; 0x800688 <__RODATA_PM_OFFSET__+0x7f8688>
 23e:	83 e1       	ldi	r24, 0x13	; 19
 240:	80 93 82 01 	sts	0x0182, r24	; 0x800182 <__RODATA_PM_OFFSET__+0x7f8182>
 244:	20 93 92 01 	sts	0x0192, r18	; 0x800192 <__RODATA_PM_OFFSET__+0x7f8192>
 248:	82 e0       	ldi	r24, 0x02	; 2
 24a:	80 93 41 0a 	sts	0x0A41, r24	; 0x800a41 <__RODATA_PM_OFFSET__+0x7f8a41>
 24e:	90 93 44 0a 	sts	0x0A44, r25	; 0x800a44 <__RODATA_PM_OFFSET__+0x7f8a44>
 252:	10 92 45 0a 	sts	0x0A45, r1	; 0x800a45 <__RODATA_PM_OFFSET__+0x7f8a45>
 256:	10 92 4a 0a 	sts	0x0A4A, r1	; 0x800a4a <__RODATA_PM_OFFSET__+0x7f8a4a>
 25a:	10 92 4b 0a 	sts	0x0A4B, r1	; 0x800a4b <__RODATA_PM_OFFSET__+0x7f8a4b>
 25e:	90 93 46 0a 	sts	0x0A46, r25	; 0x800a46 <__RODATA_PM_OFFSET__+0x7f8a46>
 262:	90 93 40 0a 	sts	0x0A40, r25	; 0x800a40 <__RODATA_PM_OFFSET__+0x7f8a40>
 266:	83 e0       	ldi	r24, 0x03	; 3
 268:	90 e1       	ldi	r25, 0x10	; 16

0000026a <.L17>:
 26a:	90 93 05 04 	sts	0x0405, r25	; 0x800405 <__RODATA_PM_OFFSET__+0x7f8405>
 26e:	2f ed       	ldi	r18, 0xDF	; 223
 270:	33 e9       	ldi	r19, 0x93	; 147
 272:	44 e0       	ldi	r20, 0x04	; 4

00000274 <.L1^B1>:
 274:	21 50       	subi	r18, 0x01	; 1
 276:	30 40       	sbci	r19, 0x00	; 0
 278:	40 40       	sbci	r20, 0x00	; 0
 27a:	e1 f7       	brne	.-8      	; 0x274 <.L1^B1>
 27c:	00 c0       	rjmp	.+0      	; 0x27e <L0^A>

0000027e <L0^A>:
 27e:	00 00       	nop
 280:	90 93 06 04 	sts	0x0406, r25	; 0x800406 <__RODATA_PM_OFFSET__+0x7f8406>
 284:	ef ed       	ldi	r30, 0xDF	; 223
 286:	f3 e9       	ldi	r31, 0x93	; 147
 288:	24 e0       	ldi	r18, 0x04	; 4

0000028a <.L1^B2>:
 28a:	e1 50       	subi	r30, 0x01	; 1
 28c:	f0 40       	sbci	r31, 0x00	; 0
 28e:	20 40       	sbci	r18, 0x00	; 0
 290:	e1 f7       	brne	.-8      	; 0x28a <.L1^B2>
 292:	00 c0       	rjmp	.+0      	; 0x294 <L0^A>

00000294 <L0^A>:
 294:	00 00       	nop
 296:	81 50       	subi	r24, 0x01	; 1
 298:	41 f7       	brne	.-48     	; 0x26a <.L17>
 29a:	10 91 40 00 	lds	r17, 0x0040	; 0x800040 <__RODATA_PM_OFFSET__+0x7f8040>
 29e:	10 93 40 00 	sts	0x0040, r17	; 0x800040 <__RODATA_PM_OFFSET__+0x7f8040>
 2a2:	8e ef       	ldi	r24, 0xFE	; 254
 2a4:	9f e8       	ldi	r25, 0x8F	; 143
 2a6:	0e 94 59 00 	call	0xb2	; 0xb2 <usart_print>
 2aa:	e1 2f       	mov	r30, r17
 2ac:	e2 95       	swap	r30
 2ae:	ef 70       	andi	r30, 0x0F	; 15
 2b0:	f0 e0       	ldi	r31, 0x00	; 0
 2b2:	e8 5a       	subi	r30, 0xA8	; 168
 2b4:	ff 46       	sbci	r31, 0x6F	; 111
 2b6:	80 81       	ld	r24, Z
 2b8:	0e 94 52 00 	call	0xa4	; 0xa4 <usart_putc>
 2bc:	1f 70       	andi	r17, 0x0F	; 15
 2be:	e1 2f       	mov	r30, r17
 2c0:	f0 e0       	ldi	r31, 0x00	; 0
 2c2:	e8 5a       	subi	r30, 0xA8	; 168
 2c4:	ff 46       	sbci	r31, 0x6F	; 111
 2c6:	80 81       	ld	r24, Z
 2c8:	0e 94 52 00 	call	0xa4	; 0xa4 <usart_putc>
 2cc:	8f e1       	ldi	r24, 0x1F	; 31
 2ce:	90 e9       	ldi	r25, 0x90	; 144
 2d0:	0e 94 59 00 	call	0xb2	; 0xb2 <usart_print>
 2d4:	21 2c       	mov	r2, r1
 2d6:	31 2c       	mov	r3, r1
 2d8:	77 24       	eor	r7, r7
 2da:	73 94       	inc	r7

000002dc <.L18>:
 2dc:	80 91 08 04 	lds	r24, 0x0408	; 0x800408 <__RODATA_PM_OFFSET__+0x7f8408>
 2e0:	83 ff       	sbrs	r24, 3
 2e2:	91 c1       	rjmp	.+802    	; 0x606 <.L19>
 2e4:	ef e4       	ldi	r30, 0x4F	; 79
 2e6:	f3 ec       	ldi	r31, 0xC3	; 195

000002e8 <.L1^B3>:
 2e8:	31 97       	sbiw	r30, 0x01	; 1
 2ea:	f1 f7       	brne	.-4      	; 0x2e8 <.L1^B3>
 2ec:	00 c0       	rjmp	.+0      	; 0x2ee <L0^A>

000002ee <L0^A>:
	...

000002f0 <.L20>:
 2f0:	f8 94       	cli
 2f2:	80 91 08 04 	lds	r24, 0x0408	; 0x800408 <__RODATA_PM_OFFSET__+0x7f8408>
 2f6:	83 fd       	sbrc	r24, 3
 2f8:	8d c1       	rjmp	.+794    	; 0x614 <.L21>
 2fa:	78 94       	sei
 2fc:	8f e4       	ldi	r24, 0x4F	; 79
 2fe:	93 ec       	ldi	r25, 0xC3	; 195

00000300 <.L1^B4>:
 300:	01 97       	sbiw	r24, 0x01	; 1
 302:	f1 f7       	brne	.-4      	; 0x300 <.L1^B4>
 304:	00 c0       	rjmp	.+0      	; 0x306 <L0^A>

00000306 <L0^A>:
 306:	00 00       	nop
 308:	80 91 08 04 	lds	r24, 0x0408	; 0x800408 <__RODATA_PM_OFFSET__+0x7f8408>
 30c:	83 fb       	bst	r24, 3
 30e:	66 24       	eor	r6, r6
 310:	63 f8       	bld	r6, 3
 312:	83 fd       	sbrc	r24, 3
 314:	ed cf       	rjmp	.-38     	; 0x2f0 <.L20>
 316:	80 e4       	ldi	r24, 0x40	; 64
 318:	80 93 06 04 	sts	0x0406, r24	; 0x800406 <__RODATA_PM_OFFSET__+0x7f8406>
 31c:	80 91 00 06 	lds	r24, 0x0600	; 0x800600 <__RODATA_PM_OFFSET__+0x7f8600>
 320:	81 60       	ori	r24, 0x01	; 1
 322:	80 93 00 06 	sts	0x0600, r24	; 0x800600 <__RODATA_PM_OFFSET__+0x7f8600>
 326:	e7 e8       	ldi	r30, 0x87	; 135
 328:	f3 e1       	ldi	r31, 0x13	; 19

0000032a <.L1^B5>:
 32a:	31 97       	sbiw	r30, 0x01	; 1
 32c:	f1 f7       	brne	.-4      	; 0x32a <.L1^B5>
 32e:	00 c0       	rjmp	.+0      	; 0x330 <L0^A>

00000330 <L0^A>:
 330:	00 00       	nop
 332:	f5 e0       	ldi	r31, 0x05	; 5
 334:	f0 93 06 06 	sts	0x0606, r31	; 0x800606 <__RODATA_PM_OFFSET__+0x7f8606>
 338:	70 92 0b 06 	sts	0x060B, r7	; 0x80060b <__RODATA_PM_OFFSET__+0x7f860b>
 33c:	70 92 08 06 	sts	0x0608, r7	; 0x800608 <__RODATA_PM_OFFSET__+0x7f8608>

00000340 <.L24>:
 340:	80 91 0b 06 	lds	r24, 0x060B	; 0x80060b <__RODATA_PM_OFFSET__+0x7f860b>
 344:	80 ff       	sbrs	r24, 0
 346:	fc cf       	rjmp	.-8      	; 0x340 <.L24>
 348:	80 91 10 06 	lds	r24, 0x0610	; 0x800610 <__RODATA_PM_OFFSET__+0x7f8610>
 34c:	90 91 11 06 	lds	r25, 0x0611	; 0x800611 <__RODATA_PM_OFFSET__+0x7f8611>
 350:	80 e1       	ldi	r24, 0x10	; 16
 352:	80 93 05 04 	sts	0x0405, r24	; 0x800405 <__RODATA_PM_OFFSET__+0x7f8405>
 356:	25 e0       	ldi	r18, 0x05	; 5
 358:	20 93 06 06 	sts	0x0606, r18	; 0x800606 <__RODATA_PM_OFFSET__+0x7f8606>
 35c:	70 92 0b 06 	sts	0x060B, r7	; 0x80060b <__RODATA_PM_OFFSET__+0x7f860b>
 360:	70 92 08 06 	sts	0x0608, r7	; 0x800608 <__RODATA_PM_OFFSET__+0x7f8608>

00000364 <.L25>:
 364:	80 91 0b 06 	lds	r24, 0x060B	; 0x80060b <__RODATA_PM_OFFSET__+0x7f860b>
 368:	80 fb       	bst	r24, 0
 36a:	55 24       	eor	r5, r5
 36c:	50 f8       	bld	r5, 0
 36e:	80 ff       	sbrs	r24, 0
 370:	f9 cf       	rjmp	.-14     	; 0x364 <.L25>
 372:	00 91 10 06 	lds	r16, 0x0610	; 0x800610 <__RODATA_PM_OFFSET__+0x7f8610>
 376:	10 91 11 06 	lds	r17, 0x0611	; 0x800611 <__RODATA_PM_OFFSET__+0x7f8611>
 37a:	01 15       	cp	r16, r1
 37c:	11 05       	cpc	r17, r1
 37e:	09 f4       	brne	.+2      	; 0x382 <L0^A+0x2>

00000380 <L0^A>:
 380:	65 c1       	rjmp	.+714    	; 0x64c <.L50>
 382:	b8 e5       	ldi	r27, 0x58	; 88
 384:	8b 2e       	mov	r8, r27
 386:	b2 e0       	ldi	r27, 0x02	; 2
 388:	9b 2e       	mov	r9, r27
 38a:	0f 3f       	cpi	r16, 0xFF	; 255
 38c:	33 e0       	ldi	r19, 0x03	; 3
 38e:	13 07       	cpc	r17, r19
 390:	08 f0       	brcs	.+2      	; 0x394 <L0^A+0x2>

00000392 <L0^A>:
 392:	6a c0       	rjmp	.+212    	; 0x468 <.L26>
 394:	6f ef       	ldi	r22, 0xFF	; 255
 396:	73 e0       	ldi	r23, 0x03	; 3
 398:	60 1b       	sub	r22, r16
 39a:	71 0b       	sbc	r23, r17
 39c:	80 e0       	ldi	r24, 0x00	; 0
 39e:	90 e0       	ldi	r25, 0x00	; 0
 3a0:	0e 94 38 06 	call	0xc70	; 0xc70 <__floatunsisf>
 3a4:	20 e0       	ldi	r18, 0x00	; 0
 3a6:	30 e4       	ldi	r19, 0x40	; 64
 3a8:	4c e1       	ldi	r20, 0x1C	; 28
 3aa:	56 e4       	ldi	r21, 0x46	; 70
 3ac:	0e 94 a8 07 	call	0xf50	; 0xf50 <__mulsf3>
 3b0:	6b 01       	movw	r12, r22
 3b2:	7c 01       	movw	r14, r24
 3b4:	b8 01       	movw	r22, r16
 3b6:	80 e0       	ldi	r24, 0x00	; 0
 3b8:	90 e0       	ldi	r25, 0x00	; 0
 3ba:	0e 94 38 06 	call	0xc70	; 0xc70 <__floatunsisf>
 3be:	9b 01       	movw	r18, r22
 3c0:	ac 01       	movw	r20, r24
 3c2:	b6 01       	movw	r22, r12
 3c4:	c7 01       	movw	r24, r14
 3c6:	0e 94 fb 06 	call	0xdf6	; 0xdf6 <__divsf3>
 3ca:	20 e0       	ldi	r18, 0x00	; 0
 3cc:	30 e4       	ldi	r19, 0x40	; 64
 3ce:	4c e1       	ldi	r20, 0x1C	; 28
 3d0:	56 e4       	ldi	r21, 0x46	; 70
 3d2:	0e 94 fb 06 	call	0xdf6	; 0xdf6 <__divsf3>
 3d6:	0e 94 1a 05 	call	0xa34	; 0xa34 <logf>
 3da:	20 e0       	ldi	r18, 0x00	; 0
 3dc:	30 ee       	ldi	r19, 0xE0	; 224
 3de:	46 e7       	ldi	r20, 0x76	; 118
 3e0:	55 e4       	ldi	r21, 0x45	; 69
 3e2:	0e 94 fb 06 	call	0xdf6	; 0xdf6 <__divsf3>
 3e6:	2f e0       	ldi	r18, 0x0F	; 15
 3e8:	3f ec       	ldi	r19, 0xCF	; 207
 3ea:	4b e5       	ldi	r20, 0x5B	; 91
 3ec:	5b e3       	ldi	r21, 0x3B	; 59
 3ee:	0e 94 cc 05 	call	0xb98	; 0xb98 <__addsf3>
 3f2:	9b 01       	movw	r18, r22
 3f4:	ac 01       	movw	r20, r24
 3f6:	60 e0       	ldi	r22, 0x00	; 0
 3f8:	70 e0       	ldi	r23, 0x00	; 0
 3fa:	80 e8       	ldi	r24, 0x80	; 128
 3fc:	9f e3       	ldi	r25, 0x3F	; 63
 3fe:	0e 94 fb 06 	call	0xdf6	; 0xdf6 <__divsf3>
 402:	23 e3       	ldi	r18, 0x33	; 51
 404:	33 e9       	ldi	r19, 0x93	; 147
 406:	48 e8       	ldi	r20, 0x88	; 136
 408:	53 e4       	ldi	r21, 0x43	; 67
 40a:	0e 94 cb 05 	call	0xb96	; 0xb96 <__subsf3>
 40e:	6b 01       	movw	r12, r22
 410:	7c 01       	movw	r14, r24
 412:	20 e0       	ldi	r18, 0x00	; 0
 414:	30 e0       	ldi	r19, 0x00	; 0
 416:	40 e2       	ldi	r20, 0x20	; 32
 418:	51 e4       	ldi	r21, 0x41	; 65
 41a:	0e 94 a8 07 	call	0xf50	; 0xf50 <__mulsf3>
 41e:	6b 8b       	std	Y+19, r22	; 0x13
 420:	7c 8b       	std	Y+20, r23	; 0x14
 422:	8d 8b       	std	Y+21, r24	; 0x15
 424:	9e 8b       	std	Y+22, r25	; 0x16
 426:	40 e0       	ldi	r20, 0x00	; 0
 428:	50 e0       	ldi	r21, 0x00	; 0
 42a:	9a 01       	movw	r18, r20
 42c:	b6 01       	movw	r22, r12
 42e:	c7 01       	movw	r24, r14
 430:	0e 94 a3 07 	call	0xf46	; 0xf46 <__gesf2>
 434:	40 e0       	ldi	r20, 0x00	; 0
 436:	30 e0       	ldi	r19, 0x00	; 0
 438:	2f e3       	ldi	r18, 0x3F	; 63
 43a:	87 fd       	sbrc	r24, 7
 43c:	2f eb       	ldi	r18, 0xBF	; 191
 43e:	82 2f       	mov	r24, r18
 440:	20 e0       	ldi	r18, 0x00	; 0
 442:	58 2f       	mov	r21, r24
 444:	6b 89       	ldd	r22, Y+19	; 0x13
 446:	7c 89       	ldd	r23, Y+20	; 0x14
 448:	8d 89       	ldd	r24, Y+21	; 0x15
 44a:	9e 89       	ldd	r25, Y+22	; 0x16
 44c:	0e 94 cc 05 	call	0xb98	; 0xb98 <__addsf3>
 450:	0e 94 6d 07 	call	0xeda	; 0xeda <__fixsfsi>
 454:	69 35       	cpi	r22, 0x59	; 89
 456:	42 e0       	ldi	r20, 0x02	; 2
 458:	74 07       	cpc	r23, r20
 45a:	81 05       	cpc	r24, r1
 45c:	91 05       	cpc	r25, r1
 45e:	0c f4       	brge	.+2      	; 0x462 <L0^A+0x2>

00000460 <L0^A>:
 460:	eb c0       	rjmp	.+470    	; 0x638 <.L29>
 462:	68 e5       	ldi	r22, 0x58	; 88
 464:	72 e0       	ldi	r23, 0x02	; 2

00000466 <.L30>:
 466:	4b 01       	movw	r8, r22

00000468 <.L26>:
 468:	2e e5       	ldi	r18, 0x5E	; 94
 46a:	32 e0       	ldi	r19, 0x02	; 2
 46c:	d4 01       	movw	r26, r8
 46e:	0e 94 c6 03 	call	0x78c	; 0x78c <__usmulhisi3>
 472:	2a e0       	ldi	r18, 0x0A	; 10
 474:	30 e0       	ldi	r19, 0x00	; 0
 476:	40 e0       	ldi	r20, 0x00	; 0
 478:	50 e0       	ldi	r21, 0x00	; 0
 47a:	0e 94 a7 03 	call	0x74e	; 0x74e <__divmodsi4>
 47e:	c9 01       	movw	r24, r18
 480:	da 01       	movw	r26, r20
 482:	8c 5d       	subi	r24, 0xDC	; 220
 484:	91 4f       	sbci	r25, 0xF1	; 241
 486:	aa 4f       	sbci	r26, 0xFA	; 250
 488:	bf 4f       	sbci	r27, 0xFF	; 255
 48a:	8f 8b       	std	Y+23, r24	; 0x17
 48c:	98 8f       	std	Y+24, r25	; 0x18
 48e:	a9 8f       	std	Y+25, r26	; 0x19
 490:	ba 8f       	std	Y+26, r27	; 0x1a
 492:	a9 e0       	ldi	r26, 0x09	; 9
 494:	4a 2e       	mov	r4, r26

00000496 <.L39>:
 496:	70 92 26 04 	sts	0x0426, r7	; 0x800426 <__RODATA_PM_OFFSET__+0x7f8426>
 49a:	10 92 4a 0a 	sts	0x0A4A, r1	; 0x800a4a <__RODATA_PM_OFFSET__+0x7f8a4a>
 49e:	10 92 4b 0a 	sts	0x0A4B, r1	; 0x800a4b <__RODATA_PM_OFFSET__+0x7f8a4b>
 4a2:	70 92 46 0a 	sts	0x0A46, r7	; 0x800a46 <__RODATA_PM_OFFSET__+0x7f8a46>
 4a6:	8c e0       	ldi	r24, 0x0C	; 12

000004a8 <.L31>:
 4a8:	70 92 25 04 	sts	0x0425, r7	; 0x800425 <__RODATA_PM_OFFSET__+0x7f8425>
 4ac:	f8 e2       	ldi	r31, 0x28	; 40

000004ae <.L1^B6>:
 4ae:	fa 95       	dec	r31
 4b0:	f1 f7       	brne	.-4      	; 0x4ae <.L1^B6>
 4b2:	70 92 26 04 	sts	0x0426, r7	; 0x800426 <__RODATA_PM_OFFSET__+0x7f8426>
 4b6:	28 e2       	ldi	r18, 0x28	; 40

000004b8 <.L1^B7>:
 4b8:	2a 95       	dec	r18
 4ba:	f1 f7       	brne	.-4      	; 0x4b8 <.L1^B7>
 4bc:	81 50       	subi	r24, 0x01	; 1
 4be:	a1 f7       	brne	.-24     	; 0x4a8 <.L31>
 4c0:	70 92 26 04 	sts	0x0426, r7	; 0x800426 <__RODATA_PM_OFFSET__+0x7f8426>
 4c4:	80 91 46 0a 	lds	r24, 0x0A46	; 0x800a46 <__RODATA_PM_OFFSET__+0x7f8a46>
 4c8:	e1 2c       	mov	r14, r1
 4ca:	f1 2c       	mov	r15, r1
 4cc:	80 ff       	sbrs	r24, 0
 4ce:	04 c0       	rjmp	.+8      	; 0x4d8 <.L32>
 4d0:	e0 90 4c 0a 	lds	r14, 0x0A4C	; 0x800a4c <__RODATA_PM_OFFSET__+0x7f8a4c>
 4d4:	f0 90 4d 0a 	lds	r15, 0x0A4D	; 0x800a4d <__RODATA_PM_OFFSET__+0x7f8a4d>

000004d8 <.L32>:
 4d8:	8a e6       	ldi	r24, 0x6A	; 106
 4da:	93 e0       	ldi	r25, 0x03	; 3

000004dc <.L1^B8>:
 4dc:	01 97       	sbiw	r24, 0x01	; 1
 4de:	f1 f7       	brne	.-4      	; 0x4dc <.L1^B8>
 4e0:	00 c0       	rjmp	.+0      	; 0x4e2 <L0^A>

000004e2 <L0^A>:
 4e2:	00 00       	nop
 4e4:	80 91 46 0a 	lds	r24, 0x0A46	; 0x800a46 <__RODATA_PM_OFFSET__+0x7f8a46>
 4e8:	80 ff       	sbrs	r24, 0
 4ea:	06 c0       	rjmp	.+12     	; 0x4f8 <.L34>
 4ec:	e0 90 4c 0a 	lds	r14, 0x0A4C	; 0x800a4c <__RODATA_PM_OFFSET__+0x7f8a4c>
 4f0:	f0 90 4d 0a 	lds	r15, 0x0A4D	; 0x800a4d <__RODATA_PM_OFFSET__+0x7f8a4d>
 4f4:	70 92 46 0a 	sts	0x0A46, r7	; 0x800a46 <__RODATA_PM_OFFSET__+0x7f8a46>

000004f8 <.L34>:
 4f8:	80 91 4a 0a 	lds	r24, 0x0A4A	; 0x800a4a <__RODATA_PM_OFFSET__+0x7f8a4a>
 4fc:	90 91 4b 0a 	lds	r25, 0x0A4B	; 0x800a4b <__RODATA_PM_OFFSET__+0x7f8a4b>
 500:	80 34       	cpi	r24, 0x40	; 64
 502:	9c 49       	sbci	r25, 0x9C	; 156
 504:	08 f4       	brcc	.+2      	; 0x508 <L0^A+0x2>

00000506 <L0^A>:
 506:	a7 c0       	rjmp	.+334    	; 0x656 <.L37>
 508:	e0 92 00 38 	sts	0x3800, r14	; 0x803800 <diag_ticks>
 50c:	f0 92 01 38 	sts	0x3801, r15	; 0x803801 <diag_ticks+0x1>

00000510 <.L49>:
 510:	8b e7       	ldi	r24, 0x7B	; 123
 512:	92 e9       	ldi	r25, 0x92	; 146

00000514 <.L1^B9>:
 514:	01 97       	sbiw	r24, 0x01	; 1
 516:	f1 f7       	brne	.-4      	; 0x514 <.L1^B9>
 518:	00 c0       	rjmp	.+0      	; 0x51a <L0^A>

0000051a <L0^A>:
 51a:	00 00       	nop
 51c:	4a 94       	dec	r4
 51e:	09 f0       	breq	.+2      	; 0x522 <L0^A+0x2>

00000520 <L0^A>:
 520:	ba cf       	rjmp	.-140    	; 0x496 <.L39>
 522:	9f ef       	ldi	r25, 0xFF	; 255
 524:	29 1a       	sub	r2, r25
 526:	39 0a       	sbc	r3, r25
 528:	80 e1       	ldi	r24, 0x10	; 16
 52a:	80 93 06 04 	sts	0x0406, r24	; 0x800406 <__RODATA_PM_OFFSET__+0x7f8406>
 52e:	80 91 00 06 	lds	r24, 0x0600	; 0x800600 <__RODATA_PM_OFFSET__+0x7f8600>
 532:	8e 7f       	andi	r24, 0xFE	; 254
 534:	80 93 00 06 	sts	0x0600, r24	; 0x800600 <__RODATA_PM_OFFSET__+0x7f8600>
 538:	80 e4       	ldi	r24, 0x40	; 64
 53a:	80 93 05 04 	sts	0x0405, r24	; 0x800405 <__RODATA_PM_OFFSET__+0x7f8405>
 53e:	de 01       	movw	r26, r28
 540:	11 96       	adiw	r26, 0x01	; 1
 542:	8d 01       	movw	r16, r26

00000544 <.L40>:
 544:	56 14       	cp	r5, r6
 546:	08 f4       	brcc	.+2      	; 0x54a <L0^A+0x2>

00000548 <L0^A>:
 548:	bd c0       	rjmp	.+378    	; 0x6c4 <.L44>
 54a:	87 e2       	ldi	r24, 0x27	; 39
 54c:	90 e9       	ldi	r25, 0x90	; 144
 54e:	0e 94 59 00 	call	0xb2	; 0xb2 <usart_print>
 552:	c1 01       	movw	r24, r2
 554:	0e 94 66 00 	call	0xcc	; 0xcc <usart_print_u16>
 558:	80 e2       	ldi	r24, 0x20	; 32
 55a:	0e 94 52 00 	call	0xa4	; 0xa4 <usart_putc>
 55e:	e2 e0       	ldi	r30, 0x02	; 2
 560:	89 e2       	ldi	r24, 0x29	; 41
 562:	90 e9       	ldi	r25, 0x90	; 144
 564:	6e 16       	cp	r6, r30
 566:	90 f0       	brcs	.+36     	; 0x58c <.L72>
 568:	86 2d       	mov	r24, r6
 56a:	86 95       	lsr	r24
 56c:	f8 01       	movw	r30, r16
 56e:	e8 0f       	add	r30, r24
 570:	f1 1d       	adc	r31, r1
 572:	e8 0f       	add	r30, r24
 574:	f1 1d       	adc	r31, r1
 576:	00 81       	ld	r16, Z
 578:	11 81       	ldd	r17, Z+1	; 0x01
 57a:	81 e3       	ldi	r24, 0x31	; 49
 57c:	90 e9       	ldi	r25, 0x90	; 144
 57e:	0e 94 59 00 	call	0xb2	; 0xb2 <usart_print>
 582:	c8 01       	movw	r24, r16
 584:	0e 94 66 00 	call	0xcc	; 0xcc <usart_print_u16>
 588:	84 e3       	ldi	r24, 0x34	; 52
 58a:	90 e9       	ldi	r25, 0x90	; 144

0000058c <.L72>:
 58c:	0e 94 59 00 	call	0xb2	; 0xb2 <usart_print>
 590:	87 e3       	ldi	r24, 0x37	; 55
 592:	90 e9       	ldi	r25, 0x90	; 144
 594:	0e 94 59 00 	call	0xb2	; 0xb2 <usart_print>
 598:	97 fe       	sbrs	r9, 7
 59a:	06 c0       	rjmp	.+12     	; 0x5a8 <.L47>
 59c:	8d e2       	ldi	r24, 0x2D	; 45
 59e:	0e 94 52 00 	call	0xa4	; 0xa4 <usart_putc>
 5a2:	91 94       	neg	r9
 5a4:	81 94       	neg	r8
 5a6:	91 08       	sbc	r9, r1

000005a8 <.L47>:
 5a8:	c4 01       	movw	r24, r8
 5aa:	6a e0       	ldi	r22, 0x0A	; 10
 5ac:	70 e0       	ldi	r23, 0x00	; 0
 5ae:	0e 94 93 03 	call	0x726	; 0x726 <__divmodhi4>
 5b2:	18 2f       	mov	r17, r24
 5b4:	cb 01       	movw	r24, r22
 5b6:	0e 94 66 00 	call	0xcc	; 0xcc <usart_print_u16>
 5ba:	8e e2       	ldi	r24, 0x2E	; 46
 5bc:	0e 94 52 00 	call	0xa4	; 0xa4 <usart_putc>
 5c0:	80 e3       	ldi	r24, 0x30	; 48
 5c2:	81 0f       	add	r24, r17
 5c4:	0e 94 52 00 	call	0xa4	; 0xa4 <usart_putc>
 5c8:	8b e3       	ldi	r24, 0x3B	; 59
 5ca:	90 e9       	ldi	r25, 0x90	; 144
 5cc:	0e 94 59 00 	call	0xb2	; 0xb2 <usart_print>
 5d0:	86 2d       	mov	r24, r6
 5d2:	90 e0       	ldi	r25, 0x00	; 0
 5d4:	0e 94 66 00 	call	0xcc	; 0xcc <usart_print_u16>
 5d8:	80 e4       	ldi	r24, 0x40	; 64
 5da:	90 e9       	ldi	r25, 0x90	; 144
 5dc:	0e 94 59 00 	call	0xb2	; 0xb2 <usart_print>
 5e0:	89 e0       	ldi	r24, 0x09	; 9
 5e2:	90 e0       	ldi	r25, 0x00	; 0
 5e4:	0e 94 66 00 	call	0xcc	; 0xcc <usart_print_u16>
 5e8:	82 e4       	ldi	r24, 0x42	; 66
 5ea:	90 e9       	ldi	r25, 0x90	; 144
 5ec:	0e 94 59 00 	call	0xb2	; 0xb2 <usart_print>
 5f0:	80 91 00 38 	lds	r24, 0x3800	; 0x803800 <diag_ticks>
 5f4:	90 91 01 38 	lds	r25, 0x3801	; 0x803801 <diag_ticks+0x1>
 5f8:	0e 94 66 00 	call	0xcc	; 0xcc <usart_print_u16>
 5fc:	84 e5       	ldi	r24, 0x54	; 84
 5fe:	90 e9       	ldi	r25, 0x90	; 144
 600:	0e 94 59 00 	call	0xb2	; 0xb2 <usart_print>
 604:	6b ce       	rjmp	.-810    	; 0x2dc <.L18>

00000606 <.L19>:
 606:	83 ed       	ldi	r24, 0xD3	; 211
 608:	90 e3       	ldi	r25, 0x30	; 48

0000060a <.L1^B10>:
 60a:	01 97       	sbiw	r24, 0x01	; 1
 60c:	f1 f7       	brne	.-4      	; 0x60a <.L1^B10>
 60e:	00 c0       	rjmp	.+0      	; 0x610 <L0^A>

00000610 <L0^A>:
 610:	00 00       	nop
 612:	64 ce       	rjmp	.-824    	; 0x2dc <.L18>

00000614 <.L21>:
 614:	80 91 50 00 	lds	r24, 0x0050	; 0x800050 <__RODATA_PM_OFFSET__+0x7f8050>
 618:	89 7f       	andi	r24, 0xF9	; 249
 61a:	80 93 50 00 	sts	0x0050, r24	; 0x800050 <__RODATA_PM_OFFSET__+0x7f8050>
 61e:	80 91 50 00 	lds	r24, 0x0050	; 0x800050 <__RODATA_PM_OFFSET__+0x7f8050>
 622:	81 60       	ori	r24, 0x01	; 1
 624:	80 93 50 00 	sts	0x0050, r24	; 0x800050 <__RODATA_PM_OFFSET__+0x7f8050>
 628:	78 94       	sei
 62a:	88 95       	sleep
 62c:	80 91 50 00 	lds	r24, 0x0050	; 0x800050 <__RODATA_PM_OFFSET__+0x7f8050>
 630:	8e 7f       	andi	r24, 0xFE	; 254
 632:	80 93 50 00 	sts	0x0050, r24	; 0x800050 <__RODATA_PM_OFFSET__+0x7f8050>
 636:	5c ce       	rjmp	.-840    	; 0x2f0 <.L20>

00000638 <.L29>:
 638:	68 33       	cpi	r22, 0x38	; 56
 63a:	ef ef       	ldi	r30, 0xFF	; 255
 63c:	7e 07       	cpc	r23, r30
 63e:	8e 07       	cpc	r24, r30
 640:	9e 07       	cpc	r25, r30
 642:	0c f0       	brlt	.+2      	; 0x646 <L0^A+0x2>

00000644 <L0^A>:
 644:	10 cf       	rjmp	.-480    	; 0x466 <.L30>
 646:	68 e3       	ldi	r22, 0x38	; 56
 648:	7f ef       	ldi	r23, 0xFF	; 255
 64a:	0d cf       	rjmp	.-486    	; 0x466 <.L30>

0000064c <.L50>:
 64c:	18 e3       	ldi	r17, 0x38	; 56
 64e:	81 2e       	mov	r8, r17
 650:	1f ef       	ldi	r17, 0xFF	; 255
 652:	91 2e       	mov	r9, r17
 654:	09 cf       	rjmp	.-494    	; 0x468 <.L26>

00000656 <.L37>:
 656:	80 91 46 0a 	lds	r24, 0x0A46	; 0x800a46 <__RODATA_PM_OFFSET__+0x7f8a46>
 65a:	80 ff       	sbrs	r24, 0
 65c:	4d cf       	rjmp	.-358    	; 0x4f8 <.L34>
 65e:	e0 90 4c 0a 	lds	r14, 0x0A4C	; 0x800a4c <__RODATA_PM_OFFSET__+0x7f8a4c>
 662:	f0 90 4d 0a 	lds	r15, 0x0A4D	; 0x800a4d <__RODATA_PM_OFFSET__+0x7f8a4d>
 666:	70 92 46 0a 	sts	0x0A46, r7	; 0x800a46 <__RODATA_PM_OFFSET__+0x7f8a46>
 66a:	98 eb       	ldi	r25, 0xB8	; 184
 66c:	e9 16       	cp	r14, r25
 66e:	9b e0       	ldi	r25, 0x0B	; 11
 670:	f9 06       	cpc	r15, r25
 672:	08 f4       	brcc	.+2      	; 0x676 <L0^A+0x2>

00000674 <L0^A>:
 674:	41 cf       	rjmp	.-382    	; 0x4f8 <.L34>
 676:	e0 92 00 38 	sts	0x3800, r14	; 0x803800 <diag_ticks>
 67a:	f0 92 01 38 	sts	0x3801, r15	; 0x803801 <diag_ticks+0x1>
 67e:	9e 01       	movw	r18, r28
 680:	2f 5f       	subi	r18, 0xFF	; 255
 682:	3f 4f       	sbci	r19, 0xFF	; 255
 684:	26 0d       	add	r18, r6
 686:	31 1d       	adc	r19, r1
 688:	26 0d       	add	r18, r6
 68a:	31 1d       	adc	r19, r1
 68c:	2b 8b       	std	Y+19, r18	; 0x13
 68e:	3c 8b       	std	Y+20, r19	; 0x14
 690:	00 e0       	ldi	r16, 0x00	; 0
 692:	10 e0       	ldi	r17, 0x00	; 0
 694:	6f 89       	ldd	r22, Y+23	; 0x17
 696:	78 8d       	ldd	r23, Y+24	; 0x18
 698:	89 8d       	ldd	r24, Y+25	; 0x19
 69a:	9a 8d       	ldd	r25, Y+26	; 0x1a
 69c:	97 01       	movw	r18, r14
 69e:	a8 01       	movw	r20, r16
 6a0:	0e 94 cd 03 	call	0x79a	; 0x79a <__mulsidi3>
 6a4:	a1 2c       	mov	r10, r1
 6a6:	ed e2       	ldi	r30, 0x2D	; 45
 6a8:	be 2e       	mov	r11, r30
 6aa:	f1 e3       	ldi	r31, 0x31	; 49
 6ac:	cf 2e       	mov	r12, r31
 6ae:	f1 e0       	ldi	r31, 0x01	; 1
 6b0:	df 2e       	mov	r13, r31
 6b2:	78 01       	movw	r14, r16
 6b4:	0e 94 09 04 	call	0x812	; 0x812 <__divdi3>
 6b8:	eb 89       	ldd	r30, Y+19	; 0x13
 6ba:	fc 89       	ldd	r31, Y+20	; 0x14
 6bc:	20 83       	st	Z, r18
 6be:	31 83       	std	Z+1, r19	; 0x01
 6c0:	63 94       	inc	r6
 6c2:	26 cf       	rjmp	.-436    	; 0x510 <.L49>

000006c4 <.L44>:
 6c4:	12 96       	adiw	r26, 0x02	; 2
 6c6:	8d 91       	ld	r24, X+
 6c8:	9d 91       	ld	r25, X+
 6ca:	14 97       	sbiw	r26, 0x04	; 4
 6cc:	4f ef       	ldi	r20, 0xFF	; 255
 6ce:	45 0d       	add	r20, r5
 6d0:	fd 01       	movw	r30, r26

000006d2 <.L41>:
 6d2:	20 81       	ld	r18, Z
 6d4:	31 81       	ldd	r19, Z+1	; 0x01
 6d6:	82 17       	cp	r24, r18
 6d8:	93 07       	cpc	r25, r19
 6da:	30 f4       	brcc	.+12     	; 0x6e8 <.L42>
 6dc:	22 83       	std	Z+2, r18	; 0x02
 6de:	33 83       	std	Z+3, r19	; 0x03
 6e0:	41 50       	subi	r20, 0x01	; 1
 6e2:	32 97       	sbiw	r30, 0x02	; 2
 6e4:	4f 3f       	cpi	r20, 0xFF	; 255
 6e6:	a9 f7       	brne	.-22     	; 0x6d2 <.L41>

000006e8 <.L42>:
 6e8:	e1 e0       	ldi	r30, 0x01	; 1
 6ea:	e4 0f       	add	r30, r20
 6ec:	ee 0f       	add	r30, r30
 6ee:	ff 0b       	sbc	r31, r31
 6f0:	e0 0f       	add	r30, r16
 6f2:	f1 1f       	adc	r31, r17
 6f4:	80 83       	st	Z, r24
 6f6:	91 83       	std	Z+1, r25	; 0x01
 6f8:	53 94       	inc	r5
 6fa:	12 96       	adiw	r26, 0x02	; 2
 6fc:	23 cf       	rjmp	.-442    	; 0x544 <.L40>

000006fe <__udivmodhi4>:
 6fe:	aa 1b       	sub	r26, r26

00000700 <.Loc.1>:
 700:	bb 1b       	sub	r27, r27

00000702 <.Loc.2>:
 702:	51 e1       	ldi	r21, 0x11	; 17

00000704 <.Loc.3>:
 704:	07 c0       	rjmp	.+14     	; 0x714 <__udivmodhi4_ep>

00000706 <__udivmodhi4_loop>:
 706:	aa 1f       	adc	r26, r26

00000708 <.Loc.5>:
 708:	bb 1f       	adc	r27, r27

0000070a <.Loc.6>:
 70a:	a6 17       	cp	r26, r22

0000070c <.Loc.7>:
 70c:	b7 07       	cpc	r27, r23

0000070e <.Loc.8>:
 70e:	10 f0       	brcs	.+4      	; 0x714 <__udivmodhi4_ep>

00000710 <.Loc.9>:
 710:	a6 1b       	sub	r26, r22

00000712 <.Loc.10>:
 712:	b7 0b       	sbc	r27, r23

00000714 <__udivmodhi4_ep>:
 714:	88 1f       	adc	r24, r24

00000716 <.Loc.12>:
 716:	99 1f       	adc	r25, r25

00000718 <.Loc.13>:
 718:	5a 95       	dec	r21

0000071a <.Loc.14>:
 71a:	a9 f7       	brne	.-22     	; 0x706 <__udivmodhi4_loop>

0000071c <.Loc.15>:
 71c:	80 95       	com	r24

0000071e <.Loc.16>:
 71e:	90 95       	com	r25

00000720 <.Loc.17>:
 720:	bc 01       	movw	r22, r24

00000722 <.Loc.18>:
 722:	cd 01       	movw	r24, r26

00000724 <.Loc.19>:
 724:	08 95       	ret

00000726 <__divmodhi4>:
 726:	97 fb       	bst	r25, 7

00000728 <.Loc.1>:
 728:	07 2e       	mov	r0, r23

0000072a <.Loc.2>:
 72a:	16 f4       	brtc	.+4      	; 0x730 <.L0^B1>

0000072c <.Loc.3>:
 72c:	00 94       	com	r0

0000072e <.Loc.4>:
 72e:	07 d0       	rcall	.+14     	; 0x73e <__divmodhi4_neg1>

00000730 <.L0^B1>:
 730:	77 fd       	sbrc	r23, 7

00000732 <.Loc.6>:
 732:	09 d0       	rcall	.+18     	; 0x746 <__divmodhi4_neg2>

00000734 <.Loc.7>:
 734:	0e 94 7f 03 	call	0x6fe	; 0x6fe <__udivmodhi4>

00000738 <.Loc.8>:
 738:	07 fc       	sbrc	r0, 7

0000073a <.Loc.9>:
 73a:	05 d0       	rcall	.+10     	; 0x746 <__divmodhi4_neg2>

0000073c <.Loc.10>:
 73c:	3e f4       	brtc	.+14     	; 0x74c <__divmodhi4_exit>

0000073e <__divmodhi4_neg1>:
 73e:	90 95       	com	r25

00000740 <.Loc.12>:
 740:	81 95       	neg	r24

00000742 <.Loc.13>:
 742:	9f 4f       	sbci	r25, 0xFF	; 255

00000744 <.Loc.14>:
 744:	08 95       	ret

00000746 <__divmodhi4_neg2>:
 746:	70 95       	com	r23

00000748 <.Loc.16>:
 748:	61 95       	neg	r22

0000074a <.Loc.17>:
 74a:	7f 4f       	sbci	r23, 0xFF	; 255

0000074c <__divmodhi4_exit>:
 74c:	08 95       	ret

0000074e <__divmodsi4>:
 74e:	05 2e       	mov	r0, r21

00000750 <.Loc.1>:
 750:	97 fb       	bst	r25, 7

00000752 <.Loc.2>:
 752:	1e f4       	brtc	.+6      	; 0x75a <.L0^B1>

00000754 <.Loc.3>:
 754:	00 94       	com	r0

00000756 <.Loc.4>:
 756:	0e 94 be 03 	call	0x77c	; 0x77c <__negsi2>

0000075a <.L0^B1>:
 75a:	57 fd       	sbrc	r21, 7

0000075c <.Loc.6>:
 75c:	07 d0       	rcall	.+14     	; 0x76c <__divmodsi4_neg2>

0000075e <.Loc.7>:
 75e:	0e 94 e7 04 	call	0x9ce	; 0x9ce <__udivmodsi4>

00000762 <.Loc.8>:
 762:	07 fc       	sbrc	r0, 7

00000764 <.Loc.9>:
 764:	03 d0       	rcall	.+6      	; 0x76c <__divmodsi4_neg2>

00000766 <.Loc.10>:
 766:	4e f4       	brtc	.+18     	; 0x77a <__divmodsi4_exit>

00000768 <.Loc.11>:
 768:	0c 94 be 03 	jmp	0x77c	; 0x77c <__negsi2>

0000076c <__divmodsi4_neg2>:
 76c:	50 95       	com	r21

0000076e <.Loc.13>:
 76e:	40 95       	com	r20

00000770 <.Loc.14>:
 770:	30 95       	com	r19

00000772 <.Loc.15>:
 772:	21 95       	neg	r18

00000774 <.Loc.16>:
 774:	3f 4f       	sbci	r19, 0xFF	; 255

00000776 <.Loc.17>:
 776:	4f 4f       	sbci	r20, 0xFF	; 255

00000778 <.Loc.18>:
 778:	5f 4f       	sbci	r21, 0xFF	; 255

0000077a <__divmodsi4_exit>:
 77a:	08 95       	ret

0000077c <__negsi2>:
 77c:	90 95       	com	r25
 77e:	80 95       	com	r24
 780:	70 95       	com	r23
 782:	61 95       	neg	r22
 784:	7f 4f       	sbci	r23, 0xFF	; 255
 786:	8f 4f       	sbci	r24, 0xFF	; 255
 788:	9f 4f       	sbci	r25, 0xFF	; 255

0000078a <.Loc.1>:
 78a:	08 95       	ret

0000078c <__usmulhisi3>:
 78c:	0e 94 d8 04 	call	0x9b0	; 0x9b0 <__umulhisi3>

00000790 <__usmulhisi3_tail>:
 790:	b7 ff       	sbrs	r27, 7

00000792 <.Loc.2>:
 792:	08 95       	ret

00000794 <.Loc.3>:
 794:	82 1b       	sub	r24, r18

00000796 <.Loc.4>:
 796:	93 0b       	sbc	r25, r19

00000798 <.Loc.5>:
 798:	08 95       	ret

0000079a <__mulsidi3>:
 79a:	97 fb       	bst	r25, 7

0000079c <.Loc.1>:
 79c:	57 ff       	sbrs	r21, 7

0000079e <.Loc.2>:
 79e:	0c 94 dd 03 	jmp	0x7ba	; 0x7ba <__umulsidi3_helper>

000007a2 <.Loc.3>:
 7a2:	9f 93       	push	r25

000007a4 <.Loc.4>:
 7a4:	8f 93       	push	r24

000007a6 <.Loc.5>:
 7a6:	0e 94 dd 03 	call	0x7ba	; 0x7ba <__umulsidi3_helper>

000007aa <.Loc.6>:
 7aa:	6e 1b       	sub	r22, r30

000007ac <.Loc.7>:
 7ac:	7f 0b       	sbc	r23, r31

000007ae <.Loc.8>:
 7ae:	af 91       	pop	r26

000007b0 <.Loc.9>:
 7b0:	bf 91       	pop	r27

000007b2 <.Loc.10>:
 7b2:	8a 0b       	sbc	r24, r26

000007b4 <.Loc.11>:
 7b4:	9b 0b       	sbc	r25, r27

000007b6 <.Loc.12>:
 7b6:	08 95       	ret

000007b8 <__umulsidi3>:
 7b8:	e8 94       	clt

000007ba <__umulsidi3_helper>:
 7ba:	df 93       	push	r29
 7bc:	cf 93       	push	r28

000007be <.Loc.2>:
 7be:	fc 01       	movw	r30, r24

000007c0 <.Loc.3>:
 7c0:	db 01       	movw	r26, r22

000007c2 <.Loc.4>:
 7c2:	0e 94 d8 04 	call	0x9b0	; 0x9b0 <__umulhisi3>

000007c6 <.Loc.5>:
 7c6:	7f 93       	push	r23
 7c8:	6f 93       	push	r22

000007ca <.Loc.6>:
 7ca:	e9 01       	movw	r28, r18

000007cc <.Loc.7>:
 7cc:	9a 01       	movw	r18, r20

000007ce <.Loc.8>:
 7ce:	ac 01       	movw	r20, r24

000007d0 <.Loc.9>:
 7d0:	bf 93       	push	r27
 7d2:	af 93       	push	r26

000007d4 <.Loc.10>:
 7d4:	3f 93       	push	r19
 7d6:	2f 93       	push	r18

000007d8 <.Loc.11>:
 7d8:	df 01       	movw	r26, r30

000007da <.Loc.12>:
 7da:	0e 94 d8 04 	call	0x9b0	; 0x9b0 <__umulhisi3>

000007de <.Loc.13>:
 7de:	26 f4       	brtc	.+8      	; 0x7e8 <.L0^B1>

000007e0 <.Loc.14>:
 7e0:	6c 1b       	sub	r22, r28

000007e2 <.Loc.15>:
 7e2:	7d 0b       	sbc	r23, r29

000007e4 <.Loc.16>:
 7e4:	82 0b       	sbc	r24, r18

000007e6 <.Loc.17>:
 7e6:	93 0b       	sbc	r25, r19

000007e8 <.L0^B1>:
 7e8:	9e 01       	movw	r18, r28

000007ea <.Loc.19>:
 7ea:	eb 01       	movw	r28, r22

000007ec <.Loc.20>:
 7ec:	fc 01       	movw	r30, r24

000007ee <.Loc.21>:
 7ee:	0e 94 09 05 	call	0xa12	; 0xa12 <__muldi3_6>

000007f2 <.Loc.22>:
 7f2:	af 91       	pop	r26
 7f4:	bf 91       	pop	r27

000007f6 <.Loc.23>:
 7f6:	2f 91       	pop	r18
 7f8:	3f 91       	pop	r19

000007fa <.Loc.24>:
 7fa:	0e 94 09 05 	call	0xa12	; 0xa12 <__muldi3_6>

000007fe <.Loc.25>:
 7fe:	be 01       	movw	r22, r28

00000800 <.Loc.26>:
 800:	cf 01       	movw	r24, r30

00000802 <.Loc.27>:
 802:	f9 01       	movw	r30, r18

00000804 <.Loc.28>:
 804:	2f 91       	pop	r18
 806:	3f 91       	pop	r19

00000808 <.Loc.29>:
 808:	cf 91       	pop	r28
 80a:	df 91       	pop	r29

0000080c <.Loc.30>:
 80c:	08 95       	ret

0000080e <__moddi3>:
 80e:	68 94       	set

00000810 <.Loc.1>:
 810:	01 c0       	rjmp	.+2      	; 0x814 <__divdi3_moddi3>

00000812 <__divdi3>:
 812:	e8 94       	clt

00000814 <__divdi3_moddi3>:
 814:	f9 2f       	mov	r31, r25

00000816 <.Loc.4>:
 816:	f1 2b       	or	r31, r17

00000818 <.Loc.5>:
 818:	12 f0       	brmi	.+4      	; 0x81e <.L0^B1>

0000081a <.Loc.6>:
 81a:	0c 94 3b 04 	jmp	0x876	; 0x876 <__udivdi3_umoddi3>

0000081e <.L0^B1>:
 81e:	a0 e0       	ldi	r26, 0x00	; 0
 820:	b0 e0       	ldi	r27, 0x00	; 0
 822:	e5 e1       	ldi	r30, 0x15	; 21
 824:	f4 e0       	ldi	r31, 0x04	; 4
 826:	0c 94 ad 04 	jmp	0x95a	; 0x95a <.Loc.6>

0000082a <.L_prologue_saves.5>:
 82a:	09 2e       	mov	r0, r25

0000082c <.Loc.9>:
 82c:	05 94       	asr	r0

0000082e <.Loc.10>:
 82e:	22 f4       	brpl	.+8      	; 0x838 <.L22^B1>

00000830 <.Loc.11>:
 830:	0e 94 97 04 	call	0x92e	; 0x92e <__negdi2>

00000834 <.Loc.12>:
 834:	11 23       	and	r17, r17

00000836 <.Loc.13>:
 836:	92 f4       	brpl	.+36     	; 0x85c <.L3^B1>

00000838 <.L22^B1>:
 838:	f0 e8       	ldi	r31, 0x80	; 128

0000083a <.Loc.15>:
 83a:	0f 26       	eor	r0, r31

0000083c <.Loc.16>:
 83c:	ff ef       	ldi	r31, 0xFF	; 255

0000083e <.Loc.17>:
 83e:	e0 94       	com	r14
 840:	f0 94       	com	r15
 842:	00 95       	com	r16
 844:	10 95       	com	r17

00000846 <.Loc.18>:
 846:	b0 94       	com	r11
 848:	c0 94       	com	r12
 84a:	d0 94       	com	r13

0000084c <.Loc.19>:
 84c:	a1 94       	neg	r10

0000084e <.Loc.20>:
 84e:	bf 0a       	sbc	r11, r31
 850:	cf 0a       	sbc	r12, r31
 852:	df 0a       	sbc	r13, r31

00000854 <.Loc.21>:
 854:	ef 0a       	sbc	r14, r31
 856:	ff 0a       	sbc	r15, r31
 858:	0f 0b       	sbc	r16, r31
 85a:	1f 0b       	sbc	r17, r31

0000085c <.L3^B1>:
 85c:	0e 94 46 04 	call	0x88c	; 0x88c <__udivmod64>

00000860 <.Loc.23>:
 860:	07 fc       	sbrc	r0, 7

00000862 <.Loc.24>:
 862:	0e 94 97 04 	call	0x92e	; 0x92e <__negdi2>

00000866 <.Loc.25>:
 866:	cd b7       	in	r28, 0x3d	; 61
 868:	de b7       	in	r29, 0x3e	; 62
 86a:	ec e0       	ldi	r30, 0x0C	; 12
 86c:	0c 94 c6 04 	jmp	0x98c	; 0x98c <.Loc.6>

00000870 <__umoddi3>:
 870:	68 94       	set

00000872 <.Loc.1>:
 872:	01 c0       	rjmp	.+2      	; 0x876 <__udivdi3_umoddi3>

00000874 <__udivdi3>:
 874:	e8 94       	clt

00000876 <__udivdi3_umoddi3>:
 876:	8f 92       	push	r8

00000878 <.Loc.4>:
 878:	9f 92       	push	r9

0000087a <.Loc.5>:
 87a:	cf 93       	push	r28

0000087c <.Loc.6>:
 87c:	df 93       	push	r29

0000087e <.Loc.7>:
 87e:	0e 94 46 04 	call	0x88c	; 0x88c <__udivmod64>

00000882 <.Loc.8>:
 882:	df 91       	pop	r29

00000884 <.Loc.9>:
 884:	cf 91       	pop	r28

00000886 <.Loc.10>:
 886:	9f 90       	pop	r9

00000888 <.Loc.11>:
 888:	8f 90       	pop	r8

0000088a <.Loc.12>:
 88a:	08 95       	ret

0000088c <__udivmod64>:
 88c:	88 24       	eor	r8, r8

0000088e <.Loc.1>:
 88e:	99 24       	eor	r9, r9

00000890 <.Loc.2>:
 890:	f4 01       	movw	r30, r8

00000892 <.Loc.3>:
 892:	e4 01       	movw	r28, r8

00000894 <.Loc.4>:
 894:	b0 e4       	ldi	r27, 0x40	; 64

00000896 <.Loc.5>:
 896:	9f 93       	push	r25

00000898 <.Loc.6>:
 898:	aa 27       	eor	r26, r26

0000089a <.L1^B1>:
 89a:	9a 15       	cp	r25, r10
 89c:	8b 04       	cpc	r8, r11
 89e:	9c 04       	cpc	r9, r12
 8a0:	ed 05       	cpc	r30, r13

000008a2 <.Loc.8>:
 8a2:	fe 05       	cpc	r31, r14
 8a4:	cf 05       	cpc	r28, r15
 8a6:	d0 07       	cpc	r29, r16
 8a8:	a1 07       	cpc	r26, r17

000008aa <.Loc.9>:
 8aa:	98 f4       	brcc	.+38     	; 0x8d2 <.L2^B1>

000008ac <.Loc.10>:
 8ac:	ad 2f       	mov	r26, r29
 8ae:	dc 2f       	mov	r29, r28
 8b0:	cf 2f       	mov	r28, r31

000008b2 <.Loc.11>:
 8b2:	fe 2f       	mov	r31, r30
 8b4:	e9 2d       	mov	r30, r9
 8b6:	98 2c       	mov	r9, r8
 8b8:	89 2e       	mov	r8, r25

000008ba <.Loc.12>:
 8ba:	98 2f       	mov	r25, r24
 8bc:	87 2f       	mov	r24, r23
 8be:	76 2f       	mov	r23, r22
 8c0:	65 2f       	mov	r22, r21

000008c2 <.Loc.13>:
 8c2:	54 2f       	mov	r21, r20
 8c4:	43 2f       	mov	r20, r19
 8c6:	32 2f       	mov	r19, r18
 8c8:	22 27       	eor	r18, r18

000008ca <.Loc.14>:
 8ca:	b8 50       	subi	r27, 0x08	; 8

000008cc <.Loc.15>:
 8cc:	31 f7       	brne	.-52     	; 0x89a <.L1^B1>

000008ce <.Loc.16>:
 8ce:	bf 91       	pop	r27

000008d0 <.Loc.17>:
 8d0:	27 c0       	rjmp	.+78     	; 0x920 <.L5^B1>

000008d2 <.L2^B1>:
 8d2:	1b 2e       	mov	r1, r27

000008d4 <.Loc.19>:
 8d4:	bf 91       	pop	r27

000008d6 <.Loc.20>:
 8d6:	bb 27       	eor	r27, r27

000008d8 <.L3^B1>:
 8d8:	22 0f       	add	r18, r18
 8da:	33 1f       	adc	r19, r19
 8dc:	44 1f       	adc	r20, r20
 8de:	55 1f       	adc	r21, r21

000008e0 <.Loc.22>:
 8e0:	66 1f       	adc	r22, r22
 8e2:	77 1f       	adc	r23, r23
 8e4:	88 1f       	adc	r24, r24
 8e6:	99 1f       	adc	r25, r25

000008e8 <.Loc.23>:
 8e8:	88 1c       	adc	r8, r8
 8ea:	99 1c       	adc	r9, r9
 8ec:	ee 1f       	adc	r30, r30
 8ee:	ff 1f       	adc	r31, r31

000008f0 <.Loc.24>:
 8f0:	cc 1f       	adc	r28, r28
 8f2:	dd 1f       	adc	r29, r29
 8f4:	aa 1f       	adc	r26, r26
 8f6:	bb 1f       	adc	r27, r27

000008f8 <.Loc.25>:
 8f8:	8a 14       	cp	r8, r10
 8fa:	9b 04       	cpc	r9, r11
 8fc:	ec 05       	cpc	r30, r12
 8fe:	fd 05       	cpc	r31, r13

00000900 <.Loc.26>:
 900:	ce 05       	cpc	r28, r14
 902:	df 05       	cpc	r29, r15
 904:	a0 07       	cpc	r26, r16
 906:	b1 07       	cpc	r27, r17

00000908 <.Loc.27>:
 908:	48 f0       	brcs	.+18     	; 0x91c <.L4^B1>

0000090a <.Loc.28>:
 90a:	8a 18       	sub	r8, r10
 90c:	9b 08       	sbc	r9, r11
 90e:	ec 09       	sbc	r30, r12
 910:	fd 09       	sbc	r31, r13

00000912 <.Loc.29>:
 912:	ce 09       	sbc	r28, r14
 914:	df 09       	sbc	r29, r15
 916:	a0 0b       	sbc	r26, r16
 918:	b1 0b       	sbc	r27, r17

0000091a <.Loc.30>:
 91a:	21 60       	ori	r18, 0x01	; 1

0000091c <.L4^B1>:
 91c:	1a 94       	dec	r1

0000091e <.Loc.32>:
 91e:	e1 f6       	brne	.-72     	; 0x8d8 <.L3^B1>

00000920 <.L5^B1>:
 920:	2e f4       	brtc	.+10     	; 0x92c <.L6^B1>

00000922 <.Loc.34>:
 922:	94 01       	movw	r18, r8

00000924 <.Loc.35>:
 924:	af 01       	movw	r20, r30

00000926 <.Loc.36>:
 926:	be 01       	movw	r22, r28

00000928 <.Loc.37>:
 928:	cd 01       	movw	r24, r26

0000092a <.Loc.38>:
 92a:	00 0c       	add	r0, r0

0000092c <.L6^B1>:
 92c:	08 95       	ret

0000092e <__negdi2>:
 92e:	60 95       	com	r22
 930:	70 95       	com	r23
 932:	80 95       	com	r24
 934:	90 95       	com	r25

00000936 <.Loc.1>:
 936:	30 95       	com	r19
 938:	40 95       	com	r20
 93a:	50 95       	com	r21

0000093c <.Loc.2>:
 93c:	21 95       	neg	r18

0000093e <.Loc.3>:
 93e:	3f 4f       	sbci	r19, 0xFF	; 255
 940:	4f 4f       	sbci	r20, 0xFF	; 255
 942:	5f 4f       	sbci	r21, 0xFF	; 255

00000944 <.Loc.4>:
 944:	6f 4f       	sbci	r22, 0xFF	; 255
 946:	7f 4f       	sbci	r23, 0xFF	; 255
 948:	8f 4f       	sbci	r24, 0xFF	; 255
 94a:	9f 4f       	sbci	r25, 0xFF	; 255

0000094c <.Loc.5>:
 94c:	08 95       	ret

0000094e <__prologue_saves__>:
 94e:	2f 92       	push	r2

00000950 <.Loc.1>:
 950:	3f 92       	push	r3

00000952 <.Loc.2>:
 952:	4f 92       	push	r4

00000954 <.Loc.3>:
 954:	5f 92       	push	r5

00000956 <.Loc.4>:
 956:	6f 92       	push	r6

00000958 <.Loc.5>:
 958:	7f 92       	push	r7

0000095a <.Loc.6>:
 95a:	8f 92       	push	r8

0000095c <.Loc.7>:
 95c:	9f 92       	push	r9

0000095e <.Loc.8>:
 95e:	af 92       	push	r10

00000960 <.Loc.9>:
 960:	bf 92       	push	r11

00000962 <.Loc.10>:
 962:	cf 92       	push	r12

00000964 <.Loc.11>:
 964:	df 92       	push	r13

00000966 <.Loc.12>:
 966:	ef 92       	push	r14

00000968 <.Loc.13>:
 968:	ff 92       	push	r15

0000096a <.Loc.14>:
 96a:	0f 93       	push	r16

0000096c <.Loc.15>:
 96c:	1f 93       	push	r17

0000096e <.Loc.16>:
 96e:	cf 93       	push	r28

00000970 <.Loc.17>:
 970:	df 93       	push	r29

00000972 <.Loc.18>:
 972:	cd b7       	in	r28, 0x3d	; 61

00000974 <.Loc.19>:
 974:	de b7       	in	r29, 0x3e	; 62

00000976 <.Loc.20>:
 976:	ca 1b       	sub	r28, r26

00000978 <.Loc.21>:
 978:	db 0b       	sbc	r29, r27

0000097a <.Loc.22>:
 97a:	cd bf       	out	0x3d, r28	; 61

0000097c <.Loc.23>:
 97c:	de bf       	out	0x3e, r29	; 62

0000097e <.Loc.24>:
 97e:	09 94       	ijmp

00000980 <__epilogue_restores__>:
 980:	2a 88       	ldd	r2, Y+18	; 0x12

00000982 <.Loc.1>:
 982:	39 88       	ldd	r3, Y+17	; 0x11

00000984 <.Loc.2>:
 984:	48 88       	ldd	r4, Y+16	; 0x10

00000986 <.Loc.3>:
 986:	5f 84       	ldd	r5, Y+15	; 0x0f

00000988 <.Loc.4>:
 988:	6e 84       	ldd	r6, Y+14	; 0x0e

0000098a <.Loc.5>:
 98a:	7d 84       	ldd	r7, Y+13	; 0x0d

0000098c <.Loc.6>:
 98c:	8c 84       	ldd	r8, Y+12	; 0x0c

0000098e <.Loc.7>:
 98e:	9b 84       	ldd	r9, Y+11	; 0x0b

00000990 <.Loc.8>:
 990:	aa 84       	ldd	r10, Y+10	; 0x0a

00000992 <.Loc.9>:
 992:	b9 84       	ldd	r11, Y+9	; 0x09

00000994 <.Loc.10>:
 994:	c8 84       	ldd	r12, Y+8	; 0x08

00000996 <.Loc.11>:
 996:	df 80       	ldd	r13, Y+7	; 0x07

00000998 <.Loc.12>:
 998:	ee 80       	ldd	r14, Y+6	; 0x06

0000099a <.Loc.13>:
 99a:	fd 80       	ldd	r15, Y+5	; 0x05

0000099c <.Loc.14>:
 99c:	0c 81       	ldd	r16, Y+4	; 0x04

0000099e <.Loc.15>:
 99e:	1b 81       	ldd	r17, Y+3	; 0x03

000009a0 <.Loc.16>:
 9a0:	aa 81       	ldd	r26, Y+2	; 0x02

000009a2 <.Loc.17>:
 9a2:	b9 81       	ldd	r27, Y+1	; 0x01

000009a4 <.Loc.18>:
 9a4:	ce 0f       	add	r28, r30

000009a6 <.Loc.19>:
 9a6:	d1 1d       	adc	r29, r1

000009a8 <.Loc.20>:
 9a8:	cd bf       	out	0x3d, r28	; 61

000009aa <.Loc.21>:
 9aa:	de bf       	out	0x3e, r29	; 62

000009ac <.Loc.22>:
 9ac:	ed 01       	movw	r28, r26

000009ae <.Loc.23>:
 9ae:	08 95       	ret

000009b0 <__umulhisi3>:
 9b0:	a2 9f       	mul	r26, r18

000009b2 <.Loc.1>:
 9b2:	b0 01       	movw	r22, r0

000009b4 <.Loc.2>:
 9b4:	b3 9f       	mul	r27, r19

000009b6 <.Loc.3>:
 9b6:	c0 01       	movw	r24, r0

000009b8 <.Loc.4>:
 9b8:	a3 9f       	mul	r26, r19

000009ba <.Loc.5>:
 9ba:	70 0d       	add	r23, r0

000009bc <.Loc.6>:
 9bc:	81 1d       	adc	r24, r1

000009be <.Loc.7>:
 9be:	11 24       	eor	r1, r1

000009c0 <.Loc.8>:
 9c0:	91 1d       	adc	r25, r1

000009c2 <.Loc.9>:
 9c2:	b2 9f       	mul	r27, r18

000009c4 <.Loc.10>:
 9c4:	70 0d       	add	r23, r0

000009c6 <.Loc.11>:
 9c6:	81 1d       	adc	r24, r1

000009c8 <.Loc.12>:
 9c8:	11 24       	eor	r1, r1

000009ca <.Loc.13>:
 9ca:	91 1d       	adc	r25, r1

000009cc <.Loc.14>:
 9cc:	08 95       	ret

000009ce <__udivmodsi4>:
 9ce:	a1 e2       	ldi	r26, 0x21	; 33

000009d0 <.Loc.1>:
 9d0:	1a 2e       	mov	r1, r26

000009d2 <.Loc.2>:
 9d2:	aa 1b       	sub	r26, r26

000009d4 <.Loc.3>:
 9d4:	bb 1b       	sub	r27, r27

000009d6 <.Loc.4>:
 9d6:	fd 01       	movw	r30, r26

000009d8 <.Loc.5>:
 9d8:	0d c0       	rjmp	.+26     	; 0x9f4 <__udivmodsi4_ep>

000009da <__udivmodsi4_loop>:
 9da:	aa 1f       	adc	r26, r26

000009dc <.Loc.7>:
 9dc:	bb 1f       	adc	r27, r27

000009de <.Loc.8>:
 9de:	ee 1f       	adc	r30, r30

000009e0 <.Loc.9>:
 9e0:	ff 1f       	adc	r31, r31

000009e2 <.Loc.10>:
 9e2:	a2 17       	cp	r26, r18

000009e4 <.Loc.11>:
 9e4:	b3 07       	cpc	r27, r19

000009e6 <.Loc.12>:
 9e6:	e4 07       	cpc	r30, r20

000009e8 <.Loc.13>:
 9e8:	f5 07       	cpc	r31, r21

000009ea <.Loc.14>:
 9ea:	20 f0       	brcs	.+8      	; 0x9f4 <__udivmodsi4_ep>

000009ec <.Loc.15>:
 9ec:	a2 1b       	sub	r26, r18

000009ee <.Loc.16>:
 9ee:	b3 0b       	sbc	r27, r19

000009f0 <.Loc.17>:
 9f0:	e4 0b       	sbc	r30, r20

000009f2 <.Loc.18>:
 9f2:	f5 0b       	sbc	r31, r21

000009f4 <__udivmodsi4_ep>:
 9f4:	66 1f       	adc	r22, r22

000009f6 <.Loc.20>:
 9f6:	77 1f       	adc	r23, r23

000009f8 <.Loc.21>:
 9f8:	88 1f       	adc	r24, r24

000009fa <.Loc.22>:
 9fa:	99 1f       	adc	r25, r25

000009fc <.Loc.23>:
 9fc:	1a 94       	dec	r1

000009fe <.Loc.24>:
 9fe:	69 f7       	brne	.-38     	; 0x9da <__udivmodsi4_loop>

00000a00 <.Loc.25>:
 a00:	60 95       	com	r22

00000a02 <.Loc.26>:
 a02:	70 95       	com	r23

00000a04 <.Loc.27>:
 a04:	80 95       	com	r24

00000a06 <.Loc.28>:
 a06:	90 95       	com	r25

00000a08 <.Loc.29>:
 a08:	9b 01       	movw	r18, r22

00000a0a <.Loc.30>:
 a0a:	ac 01       	movw	r20, r24

00000a0c <.Loc.31>:
 a0c:	bd 01       	movw	r22, r26

00000a0e <.Loc.32>:
 a0e:	cf 01       	movw	r24, r30

00000a10 <.Loc.33>:
 a10:	08 95       	ret

00000a12 <__muldi3_6>:
 a12:	0e 94 d8 04 	call	0x9b0	; 0x9b0 <__umulhisi3>

00000a16 <.Loc.1>:
 a16:	46 0f       	add	r20, r22

00000a18 <.Loc.2>:
 a18:	57 1f       	adc	r21, r23

00000a1a <.Loc.3>:
 a1a:	c8 1f       	adc	r28, r24

00000a1c <.Loc.4>:
 a1c:	d9 1f       	adc	r29, r25

00000a1e <.Loc.5>:
 a1e:	08 f4       	brcc	.+2      	; 0xa22 <.L0^B1>

00000a20 <.Loc.6>:
 a20:	31 96       	adiw	r30, 0x01	; 1

00000a22 <.L0^B1>:
 a22:	08 95       	ret

00000a24 <L0^A>:
 a24:	16 f0       	brts	.+4      	; 0xa2a <.L_nan>
 a26:	0c 94 7b 06 	jmp	0xcf6	; 0xcf6 <__fp_mpack>

00000a2a <.L_nan>:
 a2a:	0c 94 89 06 	jmp	0xd12	; 0xd12 <__fp_nan>

00000a2e <.L_min>:
 a2e:	68 94       	set
 a30:	0c 94 75 06 	jmp	0xcea	; 0xcea <__fp_inf>

00000a34 <logf>:
 a34:	0e 94 da 06 	call	0xdb4	; 0xdb4 <__fp_splitA>
 a38:	a8 f3       	brcs	.-22     	; 0xa24 <L0^A>
 a3a:	99 23       	and	r25, r25
 a3c:	c1 f3       	breq	.-16     	; 0xa2e <.L_min>
 a3e:	ae f3       	brts	.-22     	; 0xa2a <.L_nan>
 a40:	df 93       	push	r29
 a42:	cf 93       	push	r28
 a44:	1f 93       	push	r17
 a46:	0f 93       	push	r16
 a48:	ff 92       	push	r15
 a4a:	c9 2f       	mov	r28, r25
 a4c:	dd 27       	eor	r29, r29
 a4e:	88 23       	and	r24, r24
 a50:	2a f0       	brmi	.+10     	; 0xa5c <.L2^B1>

00000a52 <.L1^B1>:
 a52:	21 97       	sbiw	r28, 0x01	; 1
 a54:	66 0f       	add	r22, r22
 a56:	77 1f       	adc	r23, r23
 a58:	88 1f       	adc	r24, r24
 a5a:	da f7       	brpl	.-10     	; 0xa52 <.L1^B1>

00000a5c <.L2^B1>:
 a5c:	20 e0       	ldi	r18, 0x00	; 0
 a5e:	30 e0       	ldi	r19, 0x00	; 0
 a60:	40 e8       	ldi	r20, 0x80	; 128
 a62:	5f eb       	ldi	r21, 0xBF	; 191
 a64:	9f e3       	ldi	r25, 0x3F	; 63
 a66:	88 39       	cpi	r24, 0x98	; 152
 a68:	20 f0       	brcs	.+8      	; 0xa72 <.L3^B1>
 a6a:	80 3e       	cpi	r24, 0xE0	; 224
 a6c:	38 f0       	brcs	.+14     	; 0xa7c <.L4^B1>
 a6e:	21 96       	adiw	r28, 0x01	; 1
 a70:	8f 77       	andi	r24, 0x7F	; 127

00000a72 <.L3^B1>:
 a72:	0e 94 cc 05 	call	0xb98	; 0xb98 <__addsf3>
 a76:	e4 ea       	ldi	r30, 0xA4	; 164
 a78:	ff e0       	ldi	r31, 0x0F	; 15
 a7a:	04 c0       	rjmp	.+8      	; 0xa84 <.L5^B1>

00000a7c <.L4^B1>:
 a7c:	0e 94 cc 05 	call	0xb98	; 0xb98 <__addsf3>
 a80:	e1 ed       	ldi	r30, 0xD1	; 209
 a82:	ff e0       	ldi	r31, 0x0F	; 15

00000a84 <.L5^B1>:
 a84:	0e 94 8c 06 	call	0xd18	; 0xd18 <__fp_powser>
 a88:	8b 01       	movw	r16, r22
 a8a:	be 01       	movw	r22, r28
 a8c:	ec 01       	movw	r28, r24
 a8e:	fb 2e       	mov	r15, r27
 a90:	6f 57       	subi	r22, 0x7F	; 127
 a92:	71 09       	sbc	r23, r1
 a94:	75 95       	asr	r23
 a96:	77 1f       	adc	r23, r23
 a98:	88 0b       	sbc	r24, r24
 a9a:	99 0b       	sbc	r25, r25
 a9c:	0e 94 3a 06 	call	0xc74	; 0xc74 <__floatsisf>
 aa0:	28 e1       	ldi	r18, 0x18	; 24
 aa2:	32 e7       	ldi	r19, 0x72	; 114
 aa4:	41 e3       	ldi	r20, 0x31	; 49
 aa6:	5f e3       	ldi	r21, 0x3F	; 63
 aa8:	0e 94 71 05 	call	0xae2	; 0xae2 <__mulsf3x>
 aac:	af 2d       	mov	r26, r15
 aae:	98 01       	movw	r18, r16
 ab0:	ae 01       	movw	r20, r28
 ab2:	ff 90       	pop	r15
 ab4:	0f 91       	pop	r16
 ab6:	1f 91       	pop	r17
 ab8:	cf 91       	pop	r28
 aba:	df 91       	pop	r29
 abc:	0e 94 e3 05 	call	0xbc6	; 0xbc6 <__addsf3x>
 ac0:	0c 94 c1 06 	jmp	0xd82	; 0xd82 <__fp_round>

00000ac4 <.L0^B1>:
 ac4:	0e 94 b3 06 	call	0xd66	; 0xd66 <__fp_pscA>
 ac8:	38 f0       	brcs	.+14     	; 0xad8 <.L1^B1>
 aca:	0e 94 ba 06 	call	0xd74	; 0xd74 <__fp_pscB>
 ace:	20 f0       	brcs	.+8      	; 0xad8 <.L1^B1>
 ad0:	95 23       	and	r25, r21
 ad2:	11 f0       	breq	.+4      	; 0xad8 <.L1^B1>
 ad4:	0c 94 75 06 	jmp	0xcea	; 0xcea <__fp_inf>

00000ad8 <.L1^B1>:
 ad8:	0c 94 89 06 	jmp	0xd12	; 0xd12 <__fp_nan>

00000adc <.L2^B1>:
 adc:	11 24       	eor	r1, r1
 ade:	0c 94 f5 06 	jmp	0xdea	; 0xdea <__fp_szero>

00000ae2 <__mulsf3x>:
 ae2:	0e 94 d2 06 	call	0xda4	; 0xda4 <__fp_split3>
 ae6:	70 f3       	brcs	.-36     	; 0xac4 <.L0^B1>

00000ae8 <__mulsf3_pse>:
 ae8:	95 9f       	mul	r25, r21
 aea:	c1 f3       	breq	.-16     	; 0xadc <.L2^B1>
 aec:	95 0f       	add	r25, r21
 aee:	50 e0       	ldi	r21, 0x00	; 0
 af0:	55 1f       	adc	r21, r21
 af2:	62 9f       	mul	r22, r18
 af4:	f0 01       	movw	r30, r0
 af6:	72 9f       	mul	r23, r18
 af8:	bb 27       	eor	r27, r27
 afa:	f0 0d       	add	r31, r0
 afc:	b1 1d       	adc	r27, r1
 afe:	63 9f       	mul	r22, r19
 b00:	aa 27       	eor	r26, r26
 b02:	f0 0d       	add	r31, r0
 b04:	b1 1d       	adc	r27, r1
 b06:	aa 1f       	adc	r26, r26
 b08:	64 9f       	mul	r22, r20
 b0a:	66 27       	eor	r22, r22
 b0c:	b0 0d       	add	r27, r0
 b0e:	a1 1d       	adc	r26, r1
 b10:	66 1f       	adc	r22, r22
 b12:	82 9f       	mul	r24, r18
 b14:	22 27       	eor	r18, r18
 b16:	b0 0d       	add	r27, r0
 b18:	a1 1d       	adc	r26, r1
 b1a:	62 1f       	adc	r22, r18
 b1c:	73 9f       	mul	r23, r19
 b1e:	b0 0d       	add	r27, r0
 b20:	a1 1d       	adc	r26, r1
 b22:	62 1f       	adc	r22, r18
 b24:	83 9f       	mul	r24, r19
 b26:	a0 0d       	add	r26, r0
 b28:	61 1d       	adc	r22, r1
 b2a:	22 1f       	adc	r18, r18
 b2c:	74 9f       	mul	r23, r20
 b2e:	33 27       	eor	r19, r19
 b30:	a0 0d       	add	r26, r0
 b32:	61 1d       	adc	r22, r1
 b34:	23 1f       	adc	r18, r19
 b36:	84 9f       	mul	r24, r20
 b38:	60 0d       	add	r22, r0
 b3a:	21 1d       	adc	r18, r1
 b3c:	82 2f       	mov	r24, r18
 b3e:	76 2f       	mov	r23, r22
 b40:	6a 2f       	mov	r22, r26
 b42:	11 24       	eor	r1, r1
 b44:	9f 57       	subi	r25, 0x7F	; 127
 b46:	50 40       	sbci	r21, 0x00	; 0
 b48:	9a f0       	brmi	.+38     	; 0xb70 <.L13^B1>
 b4a:	f1 f0       	breq	.+60     	; 0xb88 <.L15^B1>

00000b4c <.L10^B1>:
 b4c:	88 23       	and	r24, r24
 b4e:	4a f0       	brmi	.+18     	; 0xb62 <.L11^B1>
 b50:	ee 0f       	add	r30, r30
 b52:	ff 1f       	adc	r31, r31
 b54:	bb 1f       	adc	r27, r27
 b56:	66 1f       	adc	r22, r22
 b58:	77 1f       	adc	r23, r23
 b5a:	88 1f       	adc	r24, r24
 b5c:	91 50       	subi	r25, 0x01	; 1
 b5e:	50 40       	sbci	r21, 0x00	; 0
 b60:	a9 f7       	brne	.-22     	; 0xb4c <.L10^B1>

00000b62 <.L11^B1>:
 b62:	9e 3f       	cpi	r25, 0xFE	; 254
 b64:	51 05       	cpc	r21, r1
 b66:	80 f0       	brcs	.+32     	; 0xb88 <.L15^B1>
 b68:	0c 94 75 06 	jmp	0xcea	; 0xcea <__fp_inf>

00000b6c <.L12^B1>:
 b6c:	0c 94 f5 06 	jmp	0xdea	; 0xdea <__fp_szero>

00000b70 <.L13^B1>:
 b70:	5f 3f       	cpi	r21, 0xFF	; 255
 b72:	e4 f3       	brlt	.-8      	; 0xb6c <.L12^B1>
 b74:	98 3e       	cpi	r25, 0xE8	; 232
 b76:	d4 f3       	brlt	.-12     	; 0xb6c <.L12^B1>

00000b78 <.L14^B1>:
 b78:	86 95       	lsr	r24
 b7a:	77 95       	ror	r23
 b7c:	67 95       	ror	r22
 b7e:	b7 95       	ror	r27
 b80:	f7 95       	ror	r31
 b82:	e7 95       	ror	r30
 b84:	9f 5f       	subi	r25, 0xFF	; 255
 b86:	c1 f7       	brne	.-16     	; 0xb78 <.L14^B1>

00000b88 <.L15^B1>:
 b88:	fe 2b       	or	r31, r30
 b8a:	88 0f       	add	r24, r24
 b8c:	91 1d       	adc	r25, r1
 b8e:	96 95       	lsr	r25
 b90:	87 95       	ror	r24
 b92:	97 f9       	bld	r25, 7
 b94:	08 95       	ret

00000b96 <__subsf3>:
 b96:	50 58       	subi	r21, 0x80	; 128

00000b98 <__addsf3>:
 b98:	bb 27       	eor	r27, r27
 b9a:	aa 27       	eor	r26, r26
 b9c:	0e 94 e3 05 	call	0xbc6	; 0xbc6 <__addsf3x>
 ba0:	0c 94 c1 06 	jmp	0xd82	; 0xd82 <__fp_round>

00000ba4 <.L0^B1>:
 ba4:	0e 94 b3 06 	call	0xd66	; 0xd66 <__fp_pscA>
 ba8:	38 f0       	brcs	.+14     	; 0xbb8 <.L_nan>
 baa:	0e 94 ba 06 	call	0xd74	; 0xd74 <__fp_pscB>
 bae:	20 f0       	brcs	.+8      	; 0xbb8 <.L_nan>
 bb0:	39 f4       	brne	.+14     	; 0xbc0 <.L_inf>
 bb2:	9f 3f       	cpi	r25, 0xFF	; 255
 bb4:	19 f4       	brne	.+6      	; 0xbbc <.L_infB>
 bb6:	26 f4       	brtc	.+8      	; 0xbc0 <.L_inf>

00000bb8 <.L_nan>:
 bb8:	0c 94 89 06 	jmp	0xd12	; 0xd12 <__fp_nan>

00000bbc <.L_infB>:
 bbc:	0e f4       	brtc	.+2      	; 0xbc0 <.L_inf>
 bbe:	e0 95       	com	r30

00000bc0 <.L_inf>:
 bc0:	e7 fb       	bst	r30, 7
 bc2:	0c 94 75 06 	jmp	0xcea	; 0xcea <__fp_inf>

00000bc6 <__addsf3x>:
 bc6:	e9 2f       	mov	r30, r25
 bc8:	0e 94 d2 06 	call	0xda4	; 0xda4 <__fp_split3>
 bcc:	58 f3       	brcs	.-42     	; 0xba4 <.L0^B1>
 bce:	ba 17       	cp	r27, r26
 bd0:	62 07       	cpc	r22, r18
 bd2:	73 07       	cpc	r23, r19
 bd4:	84 07       	cpc	r24, r20
 bd6:	95 07       	cpc	r25, r21
 bd8:	20 f0       	brcs	.+8      	; 0xbe2 <.L2^B1>
 bda:	79 f4       	brne	.+30     	; 0xbfa <.L4^B1>
 bdc:	a6 f5       	brtc	.+104    	; 0xc46 <.L_add>
 bde:	0c 94 f4 06 	jmp	0xde8	; 0xde8 <__fp_zero>

00000be2 <.L2^B1>:
 be2:	0e f4       	brtc	.+2      	; 0xbe6 <.L3^B1>
 be4:	e0 95       	com	r30

00000be6 <.L3^B1>:
 be6:	0b 2e       	mov	r0, r27
 be8:	ba 2f       	mov	r27, r26
 bea:	a0 2d       	mov	r26, r0
 bec:	0b 01       	movw	r0, r22
 bee:	b9 01       	movw	r22, r18
 bf0:	90 01       	movw	r18, r0
 bf2:	0c 01       	movw	r0, r24
 bf4:	ca 01       	movw	r24, r20
 bf6:	a0 01       	movw	r20, r0
 bf8:	11 24       	eor	r1, r1

00000bfa <.L4^B1>:
 bfa:	ff 27       	eor	r31, r31
 bfc:	59 1b       	sub	r21, r25

00000bfe <.L5^B1>:
 bfe:	99 f0       	breq	.+38     	; 0xc26 <.L7^B1>
 c00:	59 3f       	cpi	r21, 0xF9	; 249
 c02:	50 f4       	brcc	.+20     	; 0xc18 <.L6^B1>
 c04:	50 3e       	cpi	r21, 0xE0	; 224
 c06:	68 f1       	brcs	.+90     	; 0xc62 <.L_ret>
 c08:	1a 16       	cp	r1, r26
 c0a:	f0 40       	sbci	r31, 0x00	; 0
 c0c:	a2 2f       	mov	r26, r18
 c0e:	23 2f       	mov	r18, r19
 c10:	34 2f       	mov	r19, r20
 c12:	44 27       	eor	r20, r20
 c14:	58 5f       	subi	r21, 0xF8	; 248
 c16:	f3 cf       	rjmp	.-26     	; 0xbfe <.L5^B1>

00000c18 <.L6^B1>:
 c18:	46 95       	lsr	r20
 c1a:	37 95       	ror	r19
 c1c:	27 95       	ror	r18
 c1e:	a7 95       	ror	r26
 c20:	f0 40       	sbci	r31, 0x00	; 0
 c22:	53 95       	inc	r21
 c24:	c9 f7       	brne	.-14     	; 0xc18 <.L6^B1>

00000c26 <.L7^B1>:
 c26:	7e f4       	brtc	.+30     	; 0xc46 <.L_add>
 c28:	1f 16       	cp	r1, r31
 c2a:	ba 0b       	sbc	r27, r26
 c2c:	62 0b       	sbc	r22, r18
 c2e:	73 0b       	sbc	r23, r19
 c30:	84 0b       	sbc	r24, r20
 c32:	ba f0       	brmi	.+46     	; 0xc62 <.L_ret>

00000c34 <.L8^B1>:
 c34:	91 50       	subi	r25, 0x01	; 1
 c36:	a1 f0       	breq	.+40     	; 0xc60 <.L9^B1>
 c38:	ff 0f       	add	r31, r31
 c3a:	bb 1f       	adc	r27, r27
 c3c:	66 1f       	adc	r22, r22
 c3e:	77 1f       	adc	r23, r23
 c40:	88 1f       	adc	r24, r24
 c42:	c2 f7       	brpl	.-16     	; 0xc34 <.L8^B1>
 c44:	0e c0       	rjmp	.+28     	; 0xc62 <.L_ret>

00000c46 <.L_add>:
 c46:	ba 0f       	add	r27, r26
 c48:	62 1f       	adc	r22, r18
 c4a:	73 1f       	adc	r23, r19
 c4c:	84 1f       	adc	r24, r20
 c4e:	48 f4       	brcc	.+18     	; 0xc62 <.L_ret>
 c50:	87 95       	ror	r24
 c52:	77 95       	ror	r23
 c54:	67 95       	ror	r22
 c56:	b7 95       	ror	r27
 c58:	f7 95       	ror	r31
 c5a:	9e 3f       	cpi	r25, 0xFE	; 254
 c5c:	08 f0       	brcs	.+2      	; 0xc60 <.L9^B1>
 c5e:	b0 cf       	rjmp	.-160    	; 0xbc0 <.L_inf>

00000c60 <.L9^B1>:
 c60:	93 95       	inc	r25

00000c62 <.L_ret>:
 c62:	88 0f       	add	r24, r24
 c64:	08 f0       	brcs	.+2      	; 0xc68 <.L1^B1>
 c66:	99 27       	eor	r25, r25

00000c68 <.L1^B1>:
 c68:	ee 0f       	add	r30, r30
 c6a:	97 95       	ror	r25
 c6c:	87 95       	ror	r24
 c6e:	08 95       	ret

00000c70 <__floatunsisf>:
 c70:	e8 94       	clt
 c72:	09 c0       	rjmp	.+18     	; 0xc86 <.L1^B1>

00000c74 <__floatsisf>:
 c74:	97 fb       	bst	r25, 7
 c76:	3e f4       	brtc	.+14     	; 0xc86 <.L1^B1>
 c78:	90 95       	com	r25
 c7a:	80 95       	com	r24
 c7c:	70 95       	com	r23
 c7e:	61 95       	neg	r22
 c80:	7f 4f       	sbci	r23, 0xFF	; 255
 c82:	8f 4f       	sbci	r24, 0xFF	; 255
 c84:	9f 4f       	sbci	r25, 0xFF	; 255

00000c86 <.L1^B1>:
 c86:	99 23       	and	r25, r25
 c88:	a9 f0       	breq	.+42     	; 0xcb4 <.L4^B1>
 c8a:	f9 2f       	mov	r31, r25
 c8c:	96 e9       	ldi	r25, 0x96	; 150
 c8e:	bb 27       	eor	r27, r27

00000c90 <.L2^B1>:
 c90:	93 95       	inc	r25
 c92:	f6 95       	lsr	r31
 c94:	87 95       	ror	r24
 c96:	77 95       	ror	r23
 c98:	67 95       	ror	r22
 c9a:	b7 95       	ror	r27
 c9c:	f1 11       	cpse	r31, r1
 c9e:	f8 cf       	rjmp	.-16     	; 0xc90 <.L2^B1>
 ca0:	fa f4       	brpl	.+62     	; 0xce0 <.L_pack>
 ca2:	bb 0f       	add	r27, r27
 ca4:	11 f4       	brne	.+4      	; 0xcaa <.L3^B1>
 ca6:	60 ff       	sbrs	r22, 0
 ca8:	1b c0       	rjmp	.+54     	; 0xce0 <.L_pack>

00000caa <.L3^B1>:
 caa:	6f 5f       	subi	r22, 0xFF	; 255
 cac:	7f 4f       	sbci	r23, 0xFF	; 255
 cae:	8f 4f       	sbci	r24, 0xFF	; 255
 cb0:	9f 4f       	sbci	r25, 0xFF	; 255
 cb2:	16 c0       	rjmp	.+44     	; 0xce0 <.L_pack>

00000cb4 <.L4^B1>:
 cb4:	88 23       	and	r24, r24
 cb6:	11 f0       	breq	.+4      	; 0xcbc <.L5^B1>
 cb8:	96 e9       	ldi	r25, 0x96	; 150
 cba:	11 c0       	rjmp	.+34     	; 0xcde <.L8^B1>

00000cbc <.L5^B1>:
 cbc:	77 23       	and	r23, r23
 cbe:	21 f0       	breq	.+8      	; 0xcc8 <.L6^B1>
 cc0:	9e e8       	ldi	r25, 0x8E	; 142
 cc2:	87 2f       	mov	r24, r23
 cc4:	76 2f       	mov	r23, r22
 cc6:	05 c0       	rjmp	.+10     	; 0xcd2 <.L7^B1>

00000cc8 <.L6^B1>:
 cc8:	66 23       	and	r22, r22
 cca:	71 f0       	breq	.+28     	; 0xce8 <.L9^B1>
 ccc:	96 e8       	ldi	r25, 0x86	; 134
 cce:	86 2f       	mov	r24, r22
 cd0:	70 e0       	ldi	r23, 0x00	; 0

00000cd2 <.L7^B1>:
 cd2:	60 e0       	ldi	r22, 0x00	; 0
 cd4:	2a f0       	brmi	.+10     	; 0xce0 <.L_pack>

00000cd6 <.L10^B1>:
 cd6:	9a 95       	dec	r25
 cd8:	66 0f       	add	r22, r22
 cda:	77 1f       	adc	r23, r23
 cdc:	88 1f       	adc	r24, r24

00000cde <.L8^B1>:
 cde:	da f7       	brpl	.-10     	; 0xcd6 <.L10^B1>

00000ce0 <.L_pack>:
 ce0:	88 0f       	add	r24, r24
 ce2:	96 95       	lsr	r25
 ce4:	87 95       	ror	r24
 ce6:	97 f9       	bld	r25, 7

00000ce8 <.L9^B1>:
 ce8:	08 95       	ret

00000cea <__fp_inf>:
 cea:	97 f9       	bld	r25, 7
 cec:	9f 67       	ori	r25, 0x7F	; 127
 cee:	80 e8       	ldi	r24, 0x80	; 128
 cf0:	70 e0       	ldi	r23, 0x00	; 0
 cf2:	60 e0       	ldi	r22, 0x00	; 0
 cf4:	08 95       	ret

00000cf6 <__fp_mpack>:
 cf6:	9f 3f       	cpi	r25, 0xFF	; 255
 cf8:	31 f0       	breq	.+12     	; 0xd06 <.L1^B1>

00000cfa <__fp_mpack_finite>:
 cfa:	91 50       	subi	r25, 0x01	; 1
 cfc:	20 f4       	brcc	.+8      	; 0xd06 <.L1^B1>
 cfe:	87 95       	ror	r24
 d00:	77 95       	ror	r23
 d02:	67 95       	ror	r22
 d04:	b7 95       	ror	r27

00000d06 <.L1^B1>:
 d06:	88 0f       	add	r24, r24
 d08:	91 1d       	adc	r25, r1
 d0a:	96 95       	lsr	r25
 d0c:	87 95       	ror	r24
 d0e:	97 f9       	bld	r25, 7
 d10:	08 95       	ret

00000d12 <__fp_nan>:
 d12:	9f ef       	ldi	r25, 0xFF	; 255
 d14:	80 ec       	ldi	r24, 0xC0	; 192
 d16:	08 95       	ret

00000d18 <__fp_powser>:
 d18:	df 93       	push	r29
 d1a:	cf 93       	push	r28
 d1c:	1f 93       	push	r17
 d1e:	0f 93       	push	r16
 d20:	ff 92       	push	r15
 d22:	ef 92       	push	r14
 d24:	df 92       	push	r13
 d26:	7b 01       	movw	r14, r22
 d28:	8c 01       	movw	r16, r24
 d2a:	68 94       	set
 d2c:	06 c0       	rjmp	.+12     	; 0xd3a <.Load5>

00000d2e <.L1^B1>:
 d2e:	da 2e       	mov	r13, r26

00000d30 <.Loop>:
 d30:	ef 01       	movw	r28, r30
 d32:	0e 94 71 05 	call	0xae2	; 0xae2 <__mulsf3x>
 d36:	fe 01       	movw	r30, r28
 d38:	e8 94       	clt

00000d3a <.Load5>:
 d3a:	a5 91       	lpm	r26, Z+
 d3c:	25 91       	lpm	r18, Z+
 d3e:	35 91       	lpm	r19, Z+
 d40:	45 91       	lpm	r20, Z+
 d42:	55 91       	lpm	r21, Z+
 d44:	a6 f3       	brts	.-24     	; 0xd2e <.L1^B1>
 d46:	ef 01       	movw	r28, r30
 d48:	0e 94 e3 05 	call	0xbc6	; 0xbc6 <__addsf3x>
 d4c:	fe 01       	movw	r30, r28
 d4e:	97 01       	movw	r18, r14
 d50:	a8 01       	movw	r20, r16
 d52:	da 94       	dec	r13
 d54:	69 f7       	brne	.-38     	; 0xd30 <.Loop>
 d56:	df 90       	pop	r13
 d58:	ef 90       	pop	r14
 d5a:	ff 90       	pop	r15
 d5c:	0f 91       	pop	r16
 d5e:	1f 91       	pop	r17
 d60:	cf 91       	pop	r28
 d62:	df 91       	pop	r29
 d64:	08 95       	ret

00000d66 <__fp_pscA>:
 d66:	00 24       	eor	r0, r0
 d68:	0a 94       	dec	r0
 d6a:	16 16       	cp	r1, r22
 d6c:	17 06       	cpc	r1, r23
 d6e:	18 06       	cpc	r1, r24
 d70:	09 06       	cpc	r0, r25
 d72:	08 95       	ret

00000d74 <__fp_pscB>:
 d74:	00 24       	eor	r0, r0
 d76:	0a 94       	dec	r0
 d78:	12 16       	cp	r1, r18
 d7a:	13 06       	cpc	r1, r19
 d7c:	14 06       	cpc	r1, r20
 d7e:	05 06       	cpc	r0, r21
 d80:	08 95       	ret

00000d82 <__fp_round>:
 d82:	09 2e       	mov	r0, r25
 d84:	03 94       	inc	r0
 d86:	00 0c       	add	r0, r0
 d88:	11 f4       	brne	.+4      	; 0xd8e <.L1^B1>
 d8a:	88 23       	and	r24, r24
 d8c:	52 f0       	brmi	.+20     	; 0xda2 <.L3^B1>

00000d8e <.L1^B1>:
 d8e:	bb 0f       	add	r27, r27
 d90:	40 f4       	brcc	.+16     	; 0xda2 <.L3^B1>
 d92:	bf 2b       	or	r27, r31
 d94:	11 f4       	brne	.+4      	; 0xd9a <.L2^B1>
 d96:	60 ff       	sbrs	r22, 0
 d98:	04 c0       	rjmp	.+8      	; 0xda2 <.L3^B1>

00000d9a <.L2^B1>:
 d9a:	6f 5f       	subi	r22, 0xFF	; 255
 d9c:	7f 4f       	sbci	r23, 0xFF	; 255
 d9e:	8f 4f       	sbci	r24, 0xFF	; 255
 da0:	9f 4f       	sbci	r25, 0xFF	; 255

00000da2 <.L3^B1>:
 da2:	08 95       	ret

00000da4 <__fp_split3>:
 da4:	57 fd       	sbrc	r21, 7
 da6:	90 58       	subi	r25, 0x80	; 128
 da8:	44 0f       	add	r20, r20
 daa:	55 1f       	adc	r21, r21
 dac:	59 f0       	breq	.+22     	; 0xdc4 <.L4^B1>
 dae:	5f 3f       	cpi	r21, 0xFF	; 255
 db0:	71 f0       	breq	.+28     	; 0xdce <.L5^B1>

00000db2 <.L1^B1>:
 db2:	47 95       	ror	r20

00000db4 <__fp_splitA>:
 db4:	88 0f       	add	r24, r24
 db6:	97 fb       	bst	r25, 7
 db8:	99 1f       	adc	r25, r25
 dba:	61 f0       	breq	.+24     	; 0xdd4 <.L6^B1>
 dbc:	9f 3f       	cpi	r25, 0xFF	; 255
 dbe:	79 f0       	breq	.+30     	; 0xdde <.L7^B1>

00000dc0 <.L3^B1>:
 dc0:	87 95       	ror	r24
 dc2:	08 95       	ret

00000dc4 <.L4^B1>:
 dc4:	12 16       	cp	r1, r18
 dc6:	13 06       	cpc	r1, r19
 dc8:	14 06       	cpc	r1, r20
 dca:	55 1f       	adc	r21, r21
 dcc:	f2 cf       	rjmp	.-28     	; 0xdb2 <.L1^B1>

00000dce <.L5^B1>:
 dce:	46 95       	lsr	r20
 dd0:	f1 df       	rcall	.-30     	; 0xdb4 <__fp_splitA>
 dd2:	08 c0       	rjmp	.+16     	; 0xde4 <.L8^B1>

00000dd4 <.L6^B1>:
 dd4:	16 16       	cp	r1, r22
 dd6:	17 06       	cpc	r1, r23
 dd8:	18 06       	cpc	r1, r24
 dda:	99 1f       	adc	r25, r25
 ddc:	f1 cf       	rjmp	.-30     	; 0xdc0 <.L3^B1>

00000dde <.L7^B1>:
 dde:	86 95       	lsr	r24
 de0:	71 05       	cpc	r23, r1
 de2:	61 05       	cpc	r22, r1

00000de4 <.L8^B1>:
 de4:	08 94       	sec
 de6:	08 95       	ret

00000de8 <__fp_zero>:
 de8:	e8 94       	clt

00000dea <__fp_szero>:
 dea:	bb 27       	eor	r27, r27
 dec:	66 27       	eor	r22, r22
 dee:	77 27       	eor	r23, r23
 df0:	cb 01       	movw	r24, r22
 df2:	97 f9       	bld	r25, 7
 df4:	08 95       	ret

00000df6 <__divsf3>:
 df6:	0e 94 0f 07 	call	0xe1e	; 0xe1e <__divsf3x>
 dfa:	0c 94 c1 06 	jmp	0xd82	; 0xd82 <__fp_round>

00000dfe <.L0^B1>:
 dfe:	0e 94 ba 06 	call	0xd74	; 0xd74 <__fp_pscB>
 e02:	58 f0       	brcs	.+22     	; 0xe1a <.L_nan>
 e04:	0e 94 b3 06 	call	0xd66	; 0xd66 <__fp_pscA>
 e08:	40 f0       	brcs	.+16     	; 0xe1a <.L_nan>
 e0a:	29 f4       	brne	.+10     	; 0xe16 <.L_zr>
 e0c:	5f 3f       	cpi	r21, 0xFF	; 255
 e0e:	29 f0       	breq	.+10     	; 0xe1a <.L_nan>

00000e10 <.L_inf>:
 e10:	0c 94 75 06 	jmp	0xcea	; 0xcea <__fp_inf>

00000e14 <.L1^B1>:
 e14:	51 11       	cpse	r21, r1

00000e16 <.L_zr>:
 e16:	0c 94 f5 06 	jmp	0xdea	; 0xdea <__fp_szero>

00000e1a <.L_nan>:
 e1a:	0c 94 89 06 	jmp	0xd12	; 0xd12 <__fp_nan>

00000e1e <__divsf3x>:
 e1e:	0e 94 d2 06 	call	0xda4	; 0xda4 <__fp_split3>
 e22:	68 f3       	brcs	.-38     	; 0xdfe <.L0^B1>

00000e24 <__divsf3_pse>:
 e24:	99 23       	and	r25, r25
 e26:	b1 f3       	breq	.-20     	; 0xe14 <.L1^B1>
 e28:	55 23       	and	r21, r21
 e2a:	91 f3       	breq	.-28     	; 0xe10 <.L_inf>
 e2c:	95 1b       	sub	r25, r21
 e2e:	55 0b       	sbc	r21, r21
 e30:	bb 27       	eor	r27, r27
 e32:	aa 27       	eor	r26, r26

00000e34 <.L2^B1>:
 e34:	62 17       	cp	r22, r18
 e36:	73 07       	cpc	r23, r19
 e38:	84 07       	cpc	r24, r20
 e3a:	38 f0       	brcs	.+14     	; 0xe4a <.L3^B1>
 e3c:	9f 5f       	subi	r25, 0xFF	; 255
 e3e:	5f 4f       	sbci	r21, 0xFF	; 255
 e40:	22 0f       	add	r18, r18
 e42:	33 1f       	adc	r19, r19
 e44:	44 1f       	adc	r20, r20
 e46:	aa 1f       	adc	r26, r26
 e48:	a9 f3       	breq	.-22     	; 0xe34 <.L2^B1>

00000e4a <.L3^B1>:
 e4a:	35 d0       	rcall	.+106    	; 0xeb6 <.L_div>
 e4c:	0e 2e       	mov	r0, r30
 e4e:	3a f0       	brmi	.+14     	; 0xe5e <.L5^B1>

00000e50 <.L4^B1>:
 e50:	e0 e8       	ldi	r30, 0x80	; 128
 e52:	32 d0       	rcall	.+100    	; 0xeb8 <.L_div1>
 e54:	91 50       	subi	r25, 0x01	; 1
 e56:	50 40       	sbci	r21, 0x00	; 0
 e58:	e6 95       	lsr	r30
 e5a:	00 1c       	adc	r0, r0
 e5c:	ca f7       	brpl	.-14     	; 0xe50 <.L4^B1>

00000e5e <.L5^B1>:
 e5e:	2b d0       	rcall	.+86     	; 0xeb6 <.L_div>
 e60:	fe 2f       	mov	r31, r30
 e62:	29 d0       	rcall	.+82     	; 0xeb6 <.L_div>
 e64:	66 0f       	add	r22, r22
 e66:	77 1f       	adc	r23, r23
 e68:	88 1f       	adc	r24, r24
 e6a:	bb 1f       	adc	r27, r27
 e6c:	26 17       	cp	r18, r22
 e6e:	37 07       	cpc	r19, r23
 e70:	48 07       	cpc	r20, r24
 e72:	ab 07       	cpc	r26, r27
 e74:	b0 e8       	ldi	r27, 0x80	; 128
 e76:	09 f0       	breq	.+2      	; 0xe7a <.L4^B2>
 e78:	bb 0b       	sbc	r27, r27

00000e7a <.L4^B2>:
 e7a:	80 2d       	mov	r24, r0
 e7c:	bf 01       	movw	r22, r30
 e7e:	ff 27       	eor	r31, r31
 e80:	93 58       	subi	r25, 0x83	; 131
 e82:	5f 4f       	sbci	r21, 0xFF	; 255
 e84:	3a f0       	brmi	.+14     	; 0xe94 <.L13^B1>
 e86:	9e 3f       	cpi	r25, 0xFE	; 254
 e88:	51 05       	cpc	r21, r1
 e8a:	78 f0       	brcs	.+30     	; 0xeaa <.L15^B1>
 e8c:	0c 94 75 06 	jmp	0xcea	; 0xcea <__fp_inf>

00000e90 <.L12^B1>:
 e90:	0c 94 f5 06 	jmp	0xdea	; 0xdea <__fp_szero>

00000e94 <.L13^B1>:
 e94:	5f 3f       	cpi	r21, 0xFF	; 255
 e96:	e4 f3       	brlt	.-8      	; 0xe90 <.L12^B1>
 e98:	98 3e       	cpi	r25, 0xE8	; 232
 e9a:	d4 f3       	brlt	.-12     	; 0xe90 <.L12^B1>

00000e9c <.L14^B1>:
 e9c:	86 95       	lsr	r24
 e9e:	77 95       	ror	r23
 ea0:	67 95       	ror	r22
 ea2:	b7 95       	ror	r27
 ea4:	f7 95       	ror	r31
 ea6:	9f 5f       	subi	r25, 0xFF	; 255
 ea8:	c9 f7       	brne	.-14     	; 0xe9c <.L14^B1>

00000eaa <.L15^B1>:
 eaa:	88 0f       	add	r24, r24
 eac:	91 1d       	adc	r25, r1
 eae:	96 95       	lsr	r25
 eb0:	87 95       	ror	r24
 eb2:	97 f9       	bld	r25, 7
 eb4:	08 95       	ret

00000eb6 <.L_div>:
 eb6:	e1 e0       	ldi	r30, 0x01	; 1

00000eb8 <.L_div1>:
 eb8:	66 0f       	add	r22, r22
 eba:	77 1f       	adc	r23, r23
 ebc:	88 1f       	adc	r24, r24
 ebe:	bb 1f       	adc	r27, r27
 ec0:	62 17       	cp	r22, r18
 ec2:	73 07       	cpc	r23, r19
 ec4:	84 07       	cpc	r24, r20
 ec6:	ba 07       	cpc	r27, r26
 ec8:	20 f0       	brcs	.+8      	; 0xed2 <.L2^B2>
 eca:	62 1b       	sub	r22, r18
 ecc:	73 0b       	sbc	r23, r19
 ece:	84 0b       	sbc	r24, r20
 ed0:	ba 0b       	sbc	r27, r26

00000ed2 <.L2^B2>:
 ed2:	ee 1f       	adc	r30, r30
 ed4:	88 f7       	brcc	.-30     	; 0xeb8 <.L_div1>
 ed6:	e0 95       	com	r30
 ed8:	08 95       	ret

00000eda <__fixsfsi>:
 eda:	0e 94 74 07 	call	0xee8	; 0xee8 <__fixunssfsi>
 ede:	68 94       	set
 ee0:	b1 11       	cpse	r27, r1
 ee2:	0c 94 f5 06 	jmp	0xdea	; 0xdea <__fp_szero>
 ee6:	08 95       	ret

00000ee8 <__fixunssfsi>:
 ee8:	0e 94 da 06 	call	0xdb4	; 0xdb4 <__fp_splitA>
 eec:	88 f0       	brcs	.+34     	; 0xf10 <.L_err>
 eee:	9f 57       	subi	r25, 0x7F	; 127
 ef0:	98 f0       	brcs	.+38     	; 0xf18 <.L_zr>
 ef2:	b9 2f       	mov	r27, r25
 ef4:	99 27       	eor	r25, r25
 ef6:	b7 51       	subi	r27, 0x17	; 23
 ef8:	b0 f0       	brcs	.+44     	; 0xf26 <.L4^B1>
 efa:	e1 f0       	breq	.+56     	; 0xf34 <.L_sign>

00000efc <.L1^B1>:
 efc:	66 0f       	add	r22, r22
 efe:	77 1f       	adc	r23, r23
 f00:	88 1f       	adc	r24, r24
 f02:	99 1f       	adc	r25, r25
 f04:	1a f0       	brmi	.+6      	; 0xf0c <.L2^B1>
 f06:	ba 95       	dec	r27
 f08:	c9 f7       	brne	.-14     	; 0xefc <.L1^B1>
 f0a:	14 c0       	rjmp	.+40     	; 0xf34 <.L_sign>

00000f0c <.L2^B1>:
 f0c:	b1 30       	cpi	r27, 0x01	; 1
 f0e:	91 f0       	breq	.+36     	; 0xf34 <.L_sign>

00000f10 <.L_err>:
 f10:	0e 94 f4 06 	call	0xde8	; 0xde8 <__fp_zero>
 f14:	b1 e0       	ldi	r27, 0x01	; 1
 f16:	08 95       	ret

00000f18 <.L_zr>:
 f18:	0c 94 f4 06 	jmp	0xde8	; 0xde8 <__fp_zero>

00000f1c <.L3^B1>:
 f1c:	67 2f       	mov	r22, r23
 f1e:	78 2f       	mov	r23, r24
 f20:	88 27       	eor	r24, r24
 f22:	b8 5f       	subi	r27, 0xF8	; 248
 f24:	39 f0       	breq	.+14     	; 0xf34 <.L_sign>

00000f26 <.L4^B1>:
 f26:	b9 3f       	cpi	r27, 0xF9	; 249
 f28:	cc f3       	brlt	.-14     	; 0xf1c <.L3^B1>

00000f2a <.L5^B1>:
 f2a:	86 95       	lsr	r24
 f2c:	77 95       	ror	r23
 f2e:	67 95       	ror	r22
 f30:	b3 95       	inc	r27
 f32:	d9 f7       	brne	.-10     	; 0xf2a <.L5^B1>

00000f34 <.L_sign>:
 f34:	3e f4       	brtc	.+14     	; 0xf44 <.L6^B1>
 f36:	90 95       	com	r25
 f38:	80 95       	com	r24
 f3a:	70 95       	com	r23
 f3c:	61 95       	neg	r22
 f3e:	7f 4f       	sbci	r23, 0xFF	; 255
 f40:	8f 4f       	sbci	r24, 0xFF	; 255
 f42:	9f 4f       	sbci	r25, 0xFF	; 255

00000f44 <.L6^B1>:
 f44:	08 95       	ret

00000f46 <__gesf2>:
 f46:	0e 94 ac 07 	call	0xf58	; 0xf58 <__fp_cmp>
 f4a:	08 f4       	brcc	.+2      	; 0xf4e <.L1^B1>
 f4c:	8f ef       	ldi	r24, 0xFF	; 255

00000f4e <.L1^B1>:
 f4e:	08 95       	ret

00000f50 <__mulsf3>:
 f50:	0e 94 71 05 	call	0xae2	; 0xae2 <__mulsf3x>
 f54:	0c 94 c1 06 	jmp	0xd82	; 0xd82 <__fp_round>

00000f58 <__fp_cmp>:
 f58:	99 0f       	add	r25, r25
 f5a:	00 08       	sbc	r0, r0
 f5c:	55 0f       	add	r21, r21
 f5e:	aa 0b       	sbc	r26, r26
 f60:	e0 e8       	ldi	r30, 0x80	; 128
 f62:	fe ef       	ldi	r31, 0xFE	; 254
 f64:	16 16       	cp	r1, r22
 f66:	17 06       	cpc	r1, r23
 f68:	e8 07       	cpc	r30, r24
 f6a:	f9 07       	cpc	r31, r25
 f6c:	c0 f0       	brcs	.+48     	; 0xf9e <.L9^B1>
 f6e:	12 16       	cp	r1, r18
 f70:	13 06       	cpc	r1, r19
 f72:	e4 07       	cpc	r30, r20
 f74:	f5 07       	cpc	r31, r21
 f76:	98 f0       	brcs	.+38     	; 0xf9e <.L9^B1>
 f78:	62 1b       	sub	r22, r18
 f7a:	73 0b       	sbc	r23, r19
 f7c:	84 0b       	sbc	r24, r20
 f7e:	95 0b       	sbc	r25, r21
 f80:	39 f4       	brne	.+14     	; 0xf90 <.L1^B1>
 f82:	0a 26       	eor	r0, r26
 f84:	61 f0       	breq	.+24     	; 0xf9e <.L9^B1>
 f86:	23 2b       	or	r18, r19
 f88:	24 2b       	or	r18, r20
 f8a:	25 2b       	or	r18, r21
 f8c:	21 f4       	brne	.+8      	; 0xf96 <.L2^B1>
 f8e:	08 95       	ret

00000f90 <.L1^B1>:
 f90:	0a 26       	eor	r0, r26
 f92:	09 f4       	brne	.+2      	; 0xf96 <.L2^B1>
 f94:	a1 40       	sbci	r26, 0x01	; 1

00000f96 <.L2^B1>:
 f96:	a6 95       	lsr	r26
 f98:	8f ef       	ldi	r24, 0xFF	; 255
 f9a:	81 1d       	adc	r24, r1
 f9c:	81 1d       	adc	r24, r1

00000f9e <.L9^B1>:
 f9e:	08 95       	ret

00000fa0 <_exit>:
 fa0:	f8 94       	cli

00000fa2 <__stop_program>:
 fa2:	ff cf       	rjmp	.-2      	; 0xfa2 <__stop_program>

00000fa4 <L0^A>:
 fa4:	08 00       	.word	0x0008	; ????
 fa6:	00 00       	nop
 fa8:	be 92       	st	-X, r11
 faa:	24 49       	sbci	r18, 0x94	; 148
 fac:	12 3e       	cpi	r17, 0xE2	; 226
 fae:	ab aa       	std	Y+51, r10	; 0x33
 fb0:	aa 2a       	or	r10, r26
 fb2:	be cd       	rjmp	.-1156   	; 0xb30 <.Lname373>
 fb4:	cc cc       	rjmp	.-1640   	; 0x94e <__prologue_saves__>
 fb6:	4c 3e       	cpi	r20, 0xEC	; 236
 fb8:	00 00       	nop
 fba:	00 80       	ld	r0, Z
 fbc:	be ab       	std	Y+54, r27	; 0x36
 fbe:	aa aa       	std	Y+50, r10	; 0x32
 fc0:	aa 3e       	cpi	r26, 0xEA	; 234
 fc2:	00 00       	nop
 fc4:	00 00       	nop
 fc6:	bf 00       	.word	0x00bf	; ????
 fc8:	00 00       	nop
 fca:	80 3f       	cpi	r24, 0xF0	; 240
 fcc:	00 00       	nop
 fce:	00 00       	nop
	...

00000fd1 <.L_thigh>:
 fd1:	08 41       	sbci	r16, 0x18	; 24
 fd3:	78 d3       	rcall	.+1776   	; 0x16c5 <__data_load_end+0x65c>
 fd5:	bb 43       	sbci	r27, 0x3B	; 59
 fd7:	87 d1       	rcall	.+782    	; 0x12e7 <__data_load_end+0x27e>
 fd9:	13 3d       	cpi	r17, 0xD3	; 211
 fdb:	19 0e       	add	r1, r25
 fdd:	3c c3       	rjmp	.+1656   	; 0x1657 <__data_load_end+0x5ee>
 fdf:	bd 42       	sbci	r27, 0x2D	; 45
 fe1:	82 ad       	ldd	r24, Z+58	; 0x3a
 fe3:	2b 3e       	cpi	r18, 0xEB	; 235
 fe5:	68 ec       	ldi	r22, 0xC8	; 200
 fe7:	82 76       	andi	r24, 0x62	; 98
 fe9:	be d9       	rcall	.-3204   	; 0x367 <.L25+0x3>
 feb:	8f e1       	ldi	r24, 0x1F	; 31
 fed:	a9 3e       	cpi	r26, 0xE9	; 233
 fef:	4c 80       	ldd	r4, Y+4	; 0x04
 ff1:	ef ff       	.word	0xffef	; ????
 ff3:	be 01       	movw	r22, r28
 ff5:	c4 ff       	sbrs	r28, 4
 ff7:	7f 3f       	cpi	r23, 0xFF	; 255
 ff9:	00 00       	nop
 ffb:	00 00       	nop
	...
